2024-05-26 23:50:05,078 - n_users=78578, n_items=77801	n_interactions=2880201	n_train=2240156, n_test=640045, sparsity=0.00037
2024-05-26 23:50:05,079 - Namespace(Ks='[20, 40]', batch_size=10240, cen_reg=1e-05, data_path='data/', dataset='amazon', emb_reg=1e-05, embed_size=32, epoch=200, lr=0.001, n_batch=40, n_intents=64, n_layers=2, sample_num=40, save_model=False, seed=2023, show_step=1, ssl_reg=0.4, temp=0.2, train_num=10000, verbose=1)
2024-05-26 23:50:19,064 - Epoch  0 [7.3s + 2.5s]: train==[15.43501=0.69217 + 0.00064 + 0.00087 + 14.74133], test-recall=[0.0224, 0.0346], test-ndcg=[0.0179, 0.0220]
2024-05-26 23:50:28,152 - Epoch  1 [6.7s + 2.4s]: train==[12.73046=0.68948 + 0.00170 + 0.00086 + 12.03842], test-recall=[0.0386, 0.0593], test-ndcg=[0.0303, 0.0372]
2024-05-26 23:50:37,482 - Epoch  2 [6.8s + 2.5s]: train==[11.32622=0.68702 + 0.00271 + 0.00086 + 10.63562], test-recall=[0.0451, 0.0694], test-ndcg=[0.0352, 0.0433]
2024-05-26 23:50:46,471 - Epoch  3 [6.6s + 2.4s]: train==[11.21263=0.68591 + 0.00307 + 0.00086 + 10.52280], test-recall=[0.0499, 0.0766], test-ndcg=[0.0388, 0.0476]
2024-05-26 23:50:55,550 - Epoch  4 [6.7s + 2.4s]: train==[11.16337=0.68500 + 0.00333 + 0.00086 + 10.47417], test-recall=[0.0539, 0.0822], test-ndcg=[0.0418, 0.0512]
2024-05-26 23:51:04,521 - Epoch  5 [6.5s + 2.5s]: train==[11.12947=0.68411 + 0.00359 + 0.00086 + 10.44090], test-recall=[0.0569, 0.0863], test-ndcg=[0.0439, 0.0537]
2024-05-26 23:51:13,547 - Epoch  6 [6.7s + 2.3s]: train==[11.10713=0.68326 + 0.00384 + 0.00086 + 10.41917], test-recall=[0.0591, 0.0901], test-ndcg=[0.0457, 0.0559]
2024-05-26 23:51:22,541 - Epoch  7 [6.7s + 2.3s]: train==[11.08756=0.68240 + 0.00410 + 0.00086 + 10.40020], test-recall=[0.0611, 0.0929], test-ndcg=[0.0470, 0.0575]
2024-05-26 23:51:31,537 - Epoch  8 [6.7s + 2.3s]: train==[11.07182=0.68152 + 0.00436 + 0.00086 + 10.38508], test-recall=[0.0623, 0.0951], test-ndcg=[0.0480, 0.0588]
2024-05-26 23:51:40,522 - Epoch  9 [6.5s + 2.5s]: train==[11.06075=0.68065 + 0.00462 + 0.00086 + 10.37461], test-recall=[0.0635, 0.0970], test-ndcg=[0.0490, 0.0600]
2024-05-26 23:51:49,518 - Epoch 10 [6.7s + 2.3s]: train==[11.04975=0.67976 + 0.00489 + 0.00086 + 10.36423], test-recall=[0.0642, 0.0982], test-ndcg=[0.0496, 0.0607]
2024-05-26 23:51:58,543 - Epoch 11 [6.7s + 2.3s]: train==[11.03838=0.67884 + 0.00517 + 0.00086 + 10.35350], test-recall=[0.0650, 0.0993], test-ndcg=[0.0500, 0.0613]
2024-05-26 23:52:07,529 - Epoch 12 [6.5s + 2.5s]: train==[11.02948=0.67797 + 0.00544 + 0.00086 + 10.34521], test-recall=[0.0654, 0.1000], test-ndcg=[0.0503, 0.0617]
2024-05-26 23:52:16,541 - Epoch 13 [6.7s + 2.3s]: train==[11.02255=0.67707 + 0.00571 + 0.00086 + 10.33891], test-recall=[0.0655, 0.1003], test-ndcg=[0.0505, 0.0619]
2024-05-26 23:52:25,686 - Epoch 14 [6.8s + 2.3s]: train==[11.01417=0.67608 + 0.00599 + 0.00086 + 10.33124], test-recall=[0.0658, 0.1006], test-ndcg=[0.0506, 0.0621]
2024-05-26 23:52:34,810 - Epoch 15 [6.6s + 2.5s]: train==[11.00803=0.67512 + 0.00628 + 0.00086 + 10.32577], test-recall=[0.0651, 0.1004], test-ndcg=[0.0503, 0.0619]
2024-05-26 23:52:43,797 - Epoch 16 [6.7s + 2.3s]: train==[11.00044=0.67414 + 0.00657 + 0.00086 + 10.31887], test-recall=[0.0649, 0.1004], test-ndcg=[0.0501, 0.0618]
2024-05-26 23:52:53,017 - Epoch 17 [6.7s + 2.5s]: train==[10.99564=0.67315 + 0.00686 + 0.00086 + 10.31476], test-recall=[0.0644, 0.1004], test-ndcg=[0.0498, 0.0617]
2024-05-26 23:53:02,191 - Epoch 18 [6.7s + 2.5s]: train==[10.98856=0.67212 + 0.00716 + 0.00086 + 10.30842], test-recall=[0.0639, 0.0998], test-ndcg=[0.0496, 0.0614]
2024-05-26 23:53:11,127 - Epoch 19 [6.6s + 2.3s]: train==[10.98517=0.67120 + 0.00745 + 0.00087 + 10.30566], test-recall=[0.0634, 0.0991], test-ndcg=[0.0492, 0.0611]
2024-05-26 23:53:20,372 - Epoch 20 [6.8s + 2.5s]: train==[10.98057=0.67012 + 0.00776 + 0.00087 + 10.30182], test-recall=[0.0632, 0.0987], test-ndcg=[0.0489, 0.0607]
2024-05-26 23:53:29,361 - Epoch 21 [6.5s + 2.5s]: train==[10.97695=0.66904 + 0.00807 + 0.00087 + 10.29898], test-recall=[0.0624, 0.0984], test-ndcg=[0.0483, 0.0603]
2024-05-26 23:53:38,402 - Epoch 22 [6.7s + 2.3s]: train==[10.97159=0.66793 + 0.00839 + 0.00087 + 10.29441], test-recall=[0.0620, 0.0976], test-ndcg=[0.0480, 0.0599]
2024-05-26 23:53:47,584 - Epoch 23 [6.7s + 2.5s]: train==[10.96647=0.66673 + 0.00873 + 0.00087 + 10.29015], test-recall=[0.0614, 0.0970], test-ndcg=[0.0475, 0.0594]
2024-05-26 23:53:56,585 - Epoch 24 [6.5s + 2.5s]: train==[10.96252=0.66571 + 0.00904 + 0.00087 + 10.28690], test-recall=[0.0608, 0.0965], test-ndcg=[0.0471, 0.0590]
2024-05-26 23:54:05,609 - Epoch 25 [6.7s + 2.3s]: train==[10.95906=0.66441 + 0.00939 + 0.00087 + 10.28439], test-recall=[0.0601, 0.0955], test-ndcg=[0.0466, 0.0584]
2024-05-26 23:54:14,666 - Epoch 26 [6.6s + 2.5s]: train==[10.95547=0.66327 + 0.00973 + 0.00087 + 10.28160], test-recall=[0.0598, 0.0949], test-ndcg=[0.0463, 0.0581]
2024-05-26 23:54:23,615 - Epoch 27 [6.5s + 2.5s]: train==[10.95333=0.66208 + 0.01009 + 0.00087 + 10.28030], test-recall=[0.0590, 0.0942], test-ndcg=[0.0459, 0.0576]
2024-05-26 23:54:32,577 - Epoch 28 [6.6s + 2.3s]: train==[10.94640=0.66067 + 0.01046 + 0.00087 + 10.27440], test-recall=[0.0588, 0.0935], test-ndcg=[0.0454, 0.0571]
2024-05-26 23:54:41,661 - Epoch 29 [6.6s + 2.5s]: train==[10.94459=0.65941 + 0.01083 + 0.00087 + 10.27348], test-recall=[0.0580, 0.0928], test-ndcg=[0.0450, 0.0566]
2024-05-26 23:54:50,670 - Epoch 30 [6.5s + 2.5s]: train==[10.94006=0.65804 + 0.01121 + 0.00087 + 10.26994], test-recall=[0.0572, 0.0918], test-ndcg=[0.0443, 0.0559]
2024-05-26 23:54:59,661 - Epoch 31 [6.6s + 2.3s]: train==[10.93635=0.65661 + 0.01160 + 0.00087 + 10.26728], test-recall=[0.0568, 0.0908], test-ndcg=[0.0439, 0.0553]
2024-05-26 23:55:08,858 - Epoch 32 [6.7s + 2.5s]: train==[10.93336=0.65524 + 0.01199 + 0.00087 + 10.26527], test-recall=[0.0564, 0.0903], test-ndcg=[0.0436, 0.0550]
2024-05-26 23:55:17,819 - Epoch 33 [6.5s + 2.5s]: train==[10.93015=0.65378 + 0.01241 + 0.00087 + 10.26309], test-recall=[0.0556, 0.0893], test-ndcg=[0.0431, 0.0544]
2024-05-26 23:55:26,715 - Epoch 34 [6.6s + 2.3s]: train==[10.92717=0.65230 + 0.01284 + 0.00087 + 10.26117], test-recall=[0.0551, 0.0885], test-ndcg=[0.0426, 0.0538]
2024-05-26 23:55:35,940 - Epoch 35 [6.7s + 2.5s]: train==[10.92391=0.65079 + 0.01325 + 0.00087 + 10.25900], test-recall=[0.0544, 0.0876], test-ndcg=[0.0422, 0.0533]
2024-05-26 23:55:44,926 - Epoch 36 [6.5s + 2.5s]: train==[10.92050=0.64912 + 0.01371 + 0.00087 + 10.25680], test-recall=[0.0541, 0.0867], test-ndcg=[0.0419, 0.0528]
2024-05-26 23:55:53,972 - Epoch 37 [6.7s + 2.3s]: train==[10.91743=0.64763 + 0.01416 + 0.00087 + 10.25476], test-recall=[0.0537, 0.0862], test-ndcg=[0.0417, 0.0526]
2024-05-26 23:56:03,143 - Epoch 38 [6.7s + 2.5s]: train==[10.91460=0.64590 + 0.01463 + 0.00087 + 10.25320], test-recall=[0.0532, 0.0854], test-ndcg=[0.0412, 0.0520]
2024-05-26 23:56:12,138 - Epoch 39 [6.5s + 2.5s]: train==[10.91031=0.64401 + 0.01513 + 0.00087 + 10.25031], test-recall=[0.0528, 0.0848], test-ndcg=[0.0411, 0.0518]
2024-05-26 23:56:21,206 - Epoch 40 [6.7s + 2.3s]: train==[10.90771=0.64246 + 0.01561 + 0.00087 + 10.24877], test-recall=[0.0522, 0.0840], test-ndcg=[0.0406, 0.0513]
2024-05-26 23:56:30,280 - Epoch 41 [6.6s + 2.5s]: train==[10.90403=0.64066 + 0.01610 + 0.00087 + 10.24641], test-recall=[0.0519, 0.0837], test-ndcg=[0.0404, 0.0511]
2024-05-26 23:56:39,242 - Epoch 42 [6.5s + 2.5s]: train==[10.90039=0.63882 + 0.01663 + 0.00087 + 10.24407], test-recall=[0.0515, 0.0827], test-ndcg=[0.0401, 0.0507]
2024-05-26 23:56:48,244 - Epoch 43 [6.7s + 2.3s]: train==[10.89892=0.63705 + 0.01717 + 0.00087 + 10.24383], test-recall=[0.0512, 0.0821], test-ndcg=[0.0399, 0.0503]
2024-05-26 23:56:57,413 - Epoch 44 [6.7s + 2.5s]: train==[10.89483=0.63495 + 0.01774 + 0.00087 + 10.24128], test-recall=[0.0509, 0.0817], test-ndcg=[0.0397, 0.0500]
2024-05-26 23:57:06,387 - Epoch 45 [6.5s + 2.5s]: train==[10.89181=0.63323 + 0.01827 + 0.00087 + 10.23944], test-recall=[0.0506, 0.0814], test-ndcg=[0.0394, 0.0497]
2024-05-26 23:57:15,286 - Epoch 46 [6.6s + 2.3s]: train==[10.88766=0.63108 + 0.01885 + 0.00087 + 10.23687], test-recall=[0.0507, 0.0808], test-ndcg=[0.0394, 0.0495]
2024-05-26 23:57:24,514 - Epoch 47 [6.7s + 2.5s]: train==[10.88502=0.62906 + 0.01944 + 0.00087 + 10.23566], test-recall=[0.0505, 0.0805], test-ndcg=[0.0392, 0.0493]
2024-05-26 23:57:33,502 - Epoch 48 [6.5s + 2.5s]: train==[10.88143=0.62697 + 0.02006 + 0.00087 + 10.23353], test-recall=[0.0503, 0.0801], test-ndcg=[0.0392, 0.0492]
2024-05-26 23:57:42,558 - Epoch 49 [6.7s + 2.4s]: train==[10.87871=0.62484 + 0.02068 + 0.00087 + 10.23232], test-recall=[0.0503, 0.0801], test-ndcg=[0.0392, 0.0493]
2024-05-26 23:57:51,729 - Epoch 50 [6.6s + 2.5s]: train==[10.87497=0.62259 + 0.02136 + 0.00087 + 10.23016], test-recall=[0.0502, 0.0798], test-ndcg=[0.0392, 0.0492]
2024-05-26 23:58:00,920 - Epoch 51 [6.7s + 2.5s]: train==[10.87072=0.62056 + 0.02196 + 0.00087 + 10.22733], test-recall=[0.0503, 0.0801], test-ndcg=[0.0393, 0.0493]
2024-05-26 23:58:09,930 - Epoch 52 [6.7s + 2.3s]: train==[10.86863=0.61836 + 0.02263 + 0.00087 + 10.22677], test-recall=[0.0503, 0.0800], test-ndcg=[0.0393, 0.0493]
2024-05-26 23:58:19,096 - Epoch 53 [6.7s + 2.5s]: train==[10.86578=0.61623 + 0.02330 + 0.00087 + 10.22538], test-recall=[0.0506, 0.0800], test-ndcg=[0.0395, 0.0494]
2024-05-26 23:58:28,125 - Epoch 54 [6.5s + 2.5s]: train==[10.86132=0.61348 + 0.02406 + 0.00087 + 10.22291], test-recall=[0.0509, 0.0804], test-ndcg=[0.0398, 0.0497]
2024-05-26 23:58:37,152 - Epoch 55 [6.7s + 2.3s]: train==[10.85605=0.61105 + 0.02478 + 0.00087 + 10.21935], test-recall=[0.0510, 0.0803], test-ndcg=[0.0400, 0.0498]
2024-05-26 23:58:46,279 - Epoch 56 [6.6s + 2.5s]: train==[10.85277=0.60853 + 0.02554 + 0.00087 + 10.21784], test-recall=[0.0513, 0.0805], test-ndcg=[0.0402, 0.0500]
2024-05-26 23:58:55,285 - Epoch 57 [6.5s + 2.5s]: train==[10.84981=0.60614 + 0.02627 + 0.00087 + 10.21653], test-recall=[0.0516, 0.0812], test-ndcg=[0.0405, 0.0504]
2024-05-26 23:59:04,303 - Epoch 58 [6.7s + 2.3s]: train==[10.84666=0.60383 + 0.02703 + 0.00087 + 10.21493], test-recall=[0.0520, 0.0814], test-ndcg=[0.0408, 0.0507]
2024-05-26 23:59:13,367 - Epoch 59 [6.6s + 2.5s]: train==[10.84234=0.60114 + 0.02785 + 0.00087 + 10.21248], test-recall=[0.0522, 0.0820], test-ndcg=[0.0409, 0.0509]
2024-05-26 23:59:22,353 - Epoch 60 [6.5s + 2.5s]: train==[10.84156=0.59898 + 0.02860 + 0.00087 + 10.21311], test-recall=[0.0525, 0.0820], test-ndcg=[0.0413, 0.0512]
2024-05-26 23:59:31,243 - Epoch 61 [6.6s + 2.3s]: train==[10.83609=0.59616 + 0.02945 + 0.00087 + 10.20961], test-recall=[0.0531, 0.0825], test-ndcg=[0.0417, 0.0516]
2024-05-26 23:59:40,336 - Epoch 62 [6.6s + 2.5s]: train==[10.83339=0.59339 + 0.03032 + 0.00087 + 10.20881], test-recall=[0.0532, 0.0832], test-ndcg=[0.0419, 0.0519]
2024-05-26 23:59:49,327 - Epoch 63 [6.5s + 2.5s]: train==[10.83093=0.59108 + 0.03114 + 0.00087 + 10.20784], test-recall=[0.0538, 0.0835], test-ndcg=[0.0423, 0.0523]
2024-05-26 23:59:58,240 - Epoch 64 [6.6s + 2.3s]: train==[10.82598=0.58825 + 0.03200 + 0.00087 + 10.20485], test-recall=[0.0543, 0.0844], test-ndcg=[0.0428, 0.0529]
2024-05-27 00:00:07,398 - Epoch 65 [6.6s + 2.5s]: train==[10.82273=0.58538 + 0.03292 + 0.00087 + 10.20356], test-recall=[0.0548, 0.0851], test-ndcg=[0.0434, 0.0535]
2024-05-27 00:00:16,288 - Epoch 66 [6.4s + 2.5s]: train==[10.81739=0.58211 + 0.03387 + 0.00087 + 10.20054], test-recall=[0.0556, 0.0860], test-ndcg=[0.0439, 0.0541]
2024-05-27 00:00:25,265 - Epoch 67 [6.7s + 2.3s]: train==[10.81591=0.57960 + 0.03477 + 0.00087 + 10.20066], test-recall=[0.0562, 0.0867], test-ndcg=[0.0445, 0.0547]
2024-05-27 00:00:34,315 - Epoch 68 [6.6s + 2.4s]: train==[10.81162=0.57649 + 0.03577 + 0.00087 + 10.19849], test-recall=[0.0571, 0.0875], test-ndcg=[0.0450, 0.0552]
2024-05-27 00:00:43,309 - Epoch 69 [6.5s + 2.5s]: train==[10.80792=0.57340 + 0.03677 + 0.00087 + 10.19687], test-recall=[0.0579, 0.0886], test-ndcg=[0.0457, 0.0560]
2024-05-27 00:00:52,274 - Epoch 70 [6.6s + 2.3s]: train==[10.80456=0.57063 + 0.03772 + 0.00087 + 10.19534], test-recall=[0.0585, 0.0894], test-ndcg=[0.0463, 0.0566]
2024-05-27 00:01:01,355 - Epoch 71 [6.6s + 2.5s]: train==[10.80034=0.56740 + 0.03876 + 0.00087 + 10.19331], test-recall=[0.0591, 0.0906], test-ndcg=[0.0468, 0.0573]
2024-05-27 00:01:10,313 - Epoch 72 [6.5s + 2.5s]: train==[10.79655=0.56435 + 0.03979 + 0.00087 + 10.19154], test-recall=[0.0601, 0.0913], test-ndcg=[0.0475, 0.0578]
2024-05-27 00:01:19,191 - Epoch 73 [6.6s + 2.3s]: train==[10.79176=0.56110 + 0.04086 + 0.00087 + 10.18893], test-recall=[0.0608, 0.0925], test-ndcg=[0.0481, 0.0586]
2024-05-27 00:01:28,330 - Epoch 74 [6.6s + 2.5s]: train==[10.78871=0.55766 + 0.04196 + 0.00087 + 10.18822], test-recall=[0.0617, 0.0934], test-ndcg=[0.0488, 0.0593]
2024-05-27 00:01:37,318 - Epoch 75 [6.5s + 2.5s]: train==[10.78436=0.55432 + 0.04308 + 0.00087 + 10.18609], test-recall=[0.0625, 0.0945], test-ndcg=[0.0494, 0.0601]
2024-05-27 00:01:46,307 - Epoch 76 [6.7s + 2.3s]: train==[10.78081=0.55126 + 0.04418 + 0.00087 + 10.18450], test-recall=[0.0634, 0.0954], test-ndcg=[0.0500, 0.0607]
2024-05-27 00:01:55,479 - Epoch 77 [6.7s + 2.5s]: train==[10.77759=0.54778 + 0.04536 + 0.00087 + 10.18358], test-recall=[0.0642, 0.0966], test-ndcg=[0.0507, 0.0614]
2024-05-27 00:02:04,506 - Epoch 78 [6.5s + 2.5s]: train==[10.77259=0.54440 + 0.04647 + 0.00087 + 10.18085], test-recall=[0.0651, 0.0978], test-ndcg=[0.0514, 0.0623]
2024-05-27 00:02:13,537 - Epoch 79 [6.7s + 2.3s]: train==[10.76914=0.54087 + 0.04768 + 0.00087 + 10.17972], test-recall=[0.0658, 0.0985], test-ndcg=[0.0519, 0.0628]
2024-05-27 00:02:22,832 - Epoch 80 [6.8s + 2.5s]: train==[10.76483=0.53724 + 0.04892 + 0.00087 + 10.17780], test-recall=[0.0666, 0.0993], test-ndcg=[0.0526, 0.0634]
2024-05-27 00:02:31,825 - Epoch 81 [6.5s + 2.5s]: train==[10.76212=0.53344 + 0.05019 + 0.00087 + 10.17761], test-recall=[0.0674, 0.1006], test-ndcg=[0.0533, 0.0643]
2024-05-27 00:02:40,850 - Epoch 82 [6.7s + 2.3s]: train==[10.75778=0.53015 + 0.05142 + 0.00087 + 10.17535], test-recall=[0.0685, 0.1018], test-ndcg=[0.0539, 0.0649]
2024-05-27 00:02:49,922 - Epoch 83 [6.6s + 2.5s]: train==[10.75327=0.52613 + 0.05274 + 0.00087 + 10.17352], test-recall=[0.0691, 0.1026], test-ndcg=[0.0545, 0.0655]
2024-05-27 00:02:58,910 - Epoch 84 [6.5s + 2.5s]: train==[10.74935=0.52288 + 0.05401 + 0.00087 + 10.17159], test-recall=[0.0699, 0.1037], test-ndcg=[0.0551, 0.0663]
2024-05-27 00:03:07,903 - Epoch 85 [6.7s + 2.3s]: train==[10.74632=0.51859 + 0.05543 + 0.00087 + 10.17143], test-recall=[0.0707, 0.1049], test-ndcg=[0.0557, 0.0670]
2024-05-27 00:03:17,064 - Epoch 86 [6.7s + 2.5s]: train==[10.74153=0.51486 + 0.05676 + 0.00087 + 10.16904], test-recall=[0.0713, 0.1060], test-ndcg=[0.0562, 0.0677]
2024-05-27 00:03:26,069 - Epoch 87 [6.5s + 2.5s]: train==[10.73875=0.51128 + 0.05810 + 0.00087 + 10.16849], test-recall=[0.0723, 0.1070], test-ndcg=[0.0569, 0.0684]
2024-05-27 00:03:34,955 - Epoch 88 [6.6s + 2.3s]: train==[10.73315=0.50658 + 0.05963 + 0.00087 + 10.16606], test-recall=[0.0730, 0.1083], test-ndcg=[0.0575, 0.0691]
2024-05-27 00:03:44,187 - Epoch 89 [6.7s + 2.5s]: train==[10.72874=0.50272 + 0.06108 + 0.00087 + 10.16406], test-recall=[0.0735, 0.1093], test-ndcg=[0.0580, 0.0698]
2024-05-27 00:03:53,171 - Epoch 90 [6.5s + 2.5s]: train==[10.72557=0.49895 + 0.06247 + 0.00087 + 10.16327], test-recall=[0.0743, 0.1102], test-ndcg=[0.0586, 0.0704]
2024-05-27 00:04:02,233 - Epoch 91 [6.7s + 2.4s]: train==[10.72473=0.49550 + 0.06391 + 0.00087 + 10.16444], test-recall=[0.0749, 0.1112], test-ndcg=[0.0592, 0.0711]
2024-05-27 00:04:11,365 - Epoch 92 [6.6s + 2.5s]: train==[10.71812=0.49072 + 0.06549 + 0.00087 + 10.16103], test-recall=[0.0755, 0.1121], test-ndcg=[0.0596, 0.0716]
2024-05-27 00:04:20,394 - Epoch 93 [6.6s + 2.5s]: train==[10.71433=0.48632 + 0.06711 + 0.00087 + 10.16002], test-recall=[0.0764, 0.1130], test-ndcg=[0.0602, 0.0723]
2024-05-27 00:04:29,419 - Epoch 94 [6.7s + 2.3s]: train==[10.71077=0.48249 + 0.06860 + 0.00087 + 10.15881], test-recall=[0.0771, 0.1138], test-ndcg=[0.0608, 0.0728]
2024-05-27 00:04:38,519 - Epoch 95 [6.6s + 2.5s]: train==[10.70743=0.47858 + 0.07009 + 0.00087 + 10.15788], test-recall=[0.0777, 0.1148], test-ndcg=[0.0612, 0.0734]
2024-05-27 00:04:47,466 - Epoch 96 [6.5s + 2.5s]: train==[10.70206=0.47383 + 0.07183 + 0.00087 + 10.15552], test-recall=[0.0783, 0.1157], test-ndcg=[0.0617, 0.0740]
2024-05-27 00:04:56,464 - Epoch 97 [6.7s + 2.3s]: train==[10.69870=0.46992 + 0.07335 + 0.00087 + 10.15456], test-recall=[0.0791, 0.1167], test-ndcg=[0.0621, 0.0745]
2024-05-27 00:05:05,601 - Epoch 98 [6.7s + 2.5s]: train==[10.69579=0.46570 + 0.07501 + 0.00087 + 10.15420], test-recall=[0.0796, 0.1175], test-ndcg=[0.0626, 0.0750]
2024-05-27 00:05:14,473 - Epoch 99 [6.4s + 2.5s]: train==[10.69203=0.46142 + 0.07667 + 0.00087 + 10.15306], test-recall=[0.0801, 0.1183], test-ndcg=[0.0630, 0.0755]
2024-05-27 00:05:23,427 - Epoch 100 [6.7s + 2.3s]: train==[10.68638=0.45681 + 0.07836 + 0.00087 + 10.15034], test-recall=[0.0808, 0.1192], test-ndcg=[0.0634, 0.0761]
2024-05-27 00:05:32,461 - Epoch 101 [6.6s + 2.5s]: train==[10.68495=0.45248 + 0.08016 + 0.00087 + 10.15144], test-recall=[0.0814, 0.1198], test-ndcg=[0.0639, 0.0765]
2024-05-27 00:05:41,376 - Epoch 102 [6.5s + 2.4s]: train==[10.68080=0.44802 + 0.08187 + 0.00087 + 10.15004], test-recall=[0.0820, 0.1207], test-ndcg=[0.0643, 0.0770]
2024-05-27 00:05:50,290 - Epoch 103 [6.6s + 2.3s]: train==[10.67758=0.44386 + 0.08357 + 0.00087 + 10.14928], test-recall=[0.0825, 0.1214], test-ndcg=[0.0646, 0.0774]
2024-05-27 00:05:59,403 - Epoch 104 [6.6s + 2.5s]: train==[10.67260=0.43920 + 0.08534 + 0.00087 + 10.14718], test-recall=[0.0830, 0.1222], test-ndcg=[0.0651, 0.0780]
2024-05-27 00:06:08,528 - Epoch 105 [6.6s + 2.5s]: train==[10.67027=0.43508 + 0.08711 + 0.00087 + 10.14720], test-recall=[0.0836, 0.1231], test-ndcg=[0.0654, 0.0783]
2024-05-27 00:06:17,438 - Epoch 106 [6.6s + 2.3s]: train==[10.66540=0.43025 + 0.08897 + 0.00087 + 10.14531], test-recall=[0.0839, 0.1239], test-ndcg=[0.0658, 0.0789]
2024-05-27 00:06:26,496 - Epoch 107 [6.6s + 2.4s]: train==[10.66188=0.42577 + 0.09076 + 0.00087 + 10.14448], test-recall=[0.0844, 0.1246], test-ndcg=[0.0661, 0.0793]
2024-05-27 00:06:35,394 - Epoch 108 [6.5s + 2.4s]: train==[10.65874=0.42152 + 0.09258 + 0.00087 + 10.14377], test-recall=[0.0849, 0.1254], test-ndcg=[0.0663, 0.0797]
2024-05-27 00:06:44,281 - Epoch 109 [6.6s + 2.3s]: train==[10.65559=0.41716 + 0.09442 + 0.00087 + 10.14313], test-recall=[0.0853, 0.1260], test-ndcg=[0.0668, 0.0801]
2024-05-27 00:06:53,414 - Epoch 110 [6.7s + 2.5s]: train==[10.65228=0.41252 + 0.09633 + 0.00087 + 10.14255], test-recall=[0.0857, 0.1267], test-ndcg=[0.0671, 0.0805]
2024-05-27 00:07:02,417 - Epoch 111 [6.5s + 2.5s]: train==[10.65008=0.40839 + 0.09819 + 0.00087 + 10.14262], test-recall=[0.0862, 0.1274], test-ndcg=[0.0674, 0.0809]
2024-05-27 00:07:11,409 - Epoch 112 [6.7s + 2.3s]: train==[10.64727=0.40417 + 0.09999 + 0.00087 + 10.14225], test-recall=[0.0867, 0.1283], test-ndcg=[0.0678, 0.0814]
2024-05-27 00:07:20,430 - Epoch 113 [6.5s + 2.5s]: train==[10.64376=0.39973 + 0.10193 + 0.00087 + 10.14123], test-recall=[0.0872, 0.1287], test-ndcg=[0.0680, 0.0816]
2024-05-27 00:07:29,400 - Epoch 114 [6.5s + 2.5s]: train==[10.63979=0.39549 + 0.10374 + 0.00087 + 10.13969], test-recall=[0.0876, 0.1294], test-ndcg=[0.0684, 0.0821]
2024-05-27 00:07:38,399 - Epoch 115 [6.7s + 2.3s]: train==[10.63816=0.39138 + 0.10566 + 0.00087 + 10.14025], test-recall=[0.0879, 0.1300], test-ndcg=[0.0686, 0.0824]
2024-05-27 00:07:47,439 - Epoch 116 [6.6s + 2.5s]: train==[10.63528=0.38695 + 0.10760 + 0.00087 + 10.13986], test-recall=[0.0882, 0.1306], test-ndcg=[0.0689, 0.0828]
2024-05-27 00:07:56,421 - Epoch 117 [6.5s + 2.5s]: train==[10.63057=0.38244 + 0.10953 + 0.00087 + 10.13773], test-recall=[0.0888, 0.1310], test-ndcg=[0.0692, 0.0831]
2024-05-27 00:08:05,393 - Epoch 118 [6.7s + 2.3s]: train==[10.62869=0.37837 + 0.11139 + 0.00087 + 10.13805], test-recall=[0.0890, 0.1315], test-ndcg=[0.0694, 0.0833]
2024-05-27 00:08:14,554 - Epoch 119 [6.7s + 2.5s]: train==[10.62603=0.37459 + 0.11320 + 0.00087 + 10.13736], test-recall=[0.0893, 0.1321], test-ndcg=[0.0696, 0.0836]
2024-05-27 00:08:23,582 - Epoch 120 [6.6s + 2.5s]: train==[10.62337=0.37013 + 0.11517 + 0.00087 + 10.13720], test-recall=[0.0896, 0.1322], test-ndcg=[0.0699, 0.0839]
2024-05-27 00:08:32,477 - Epoch 121 [6.6s + 2.3s]: train==[10.62064=0.36585 + 0.11705 + 0.00087 + 10.13686], test-recall=[0.0901, 0.1328], test-ndcg=[0.0701, 0.0841]
2024-05-27 00:08:41,666 - Epoch 122 [6.7s + 2.5s]: train==[10.61678=0.36159 + 0.11897 + 0.00087 + 10.13534], test-recall=[0.0905, 0.1332], test-ndcg=[0.0705, 0.0845]
2024-05-27 00:08:50,633 - Epoch 123 [6.5s + 2.5s]: train==[10.61441=0.35769 + 0.12092 + 0.00087 + 10.13492], test-recall=[0.0909, 0.1337], test-ndcg=[0.0708, 0.0848]
2024-05-27 00:08:59,722 - Epoch 124 [6.8s + 2.3s]: train==[10.61382=0.35405 + 0.12279 + 0.00087 + 10.13610], test-recall=[0.0913, 0.1341], test-ndcg=[0.0710, 0.0850]
2024-05-27 00:09:08,871 - Epoch 125 [6.7s + 2.5s]: train==[10.61079=0.35041 + 0.12458 + 0.00087 + 10.13493], test-recall=[0.0915, 0.1347], test-ndcg=[0.0712, 0.0854]
2024-05-27 00:09:17,862 - Epoch 126 [6.5s + 2.5s]: train==[10.60841=0.34648 + 0.12648 + 0.00087 + 10.13459], test-recall=[0.0915, 0.1350], test-ndcg=[0.0713, 0.0856]
2024-05-27 00:09:26,891 - Epoch 127 [6.7s + 2.3s]: train==[10.60592=0.34253 + 0.12840 + 0.00087 + 10.13412], test-recall=[0.0921, 0.1354], test-ndcg=[0.0717, 0.0859]
2024-05-27 00:09:35,967 - Epoch 128 [6.6s + 2.5s]: train==[10.60263=0.33839 + 0.13032 + 0.00087 + 10.13305], test-recall=[0.0923, 0.1357], test-ndcg=[0.0718, 0.0861]
2024-05-27 00:09:44,938 - Epoch 129 [6.5s + 2.5s]: train==[10.60062=0.33489 + 0.13214 + 0.00087 + 10.13272], test-recall=[0.0925, 0.1362], test-ndcg=[0.0720, 0.0864]
2024-05-27 00:09:53,834 - Epoch 130 [6.6s + 2.3s]: train==[10.59794=0.33118 + 0.13399 + 0.00087 + 10.13189], test-recall=[0.0928, 0.1366], test-ndcg=[0.0723, 0.0867]
2024-05-27 00:10:02,980 - Epoch 131 [6.6s + 2.5s]: train==[10.59671=0.32806 + 0.13569 + 0.00087 + 10.13209], test-recall=[0.0931, 0.1368], test-ndcg=[0.0724, 0.0868]
2024-05-27 00:10:11,932 - Epoch 132 [6.5s + 2.4s]: train==[10.59555=0.32433 + 0.13755 + 0.00087 + 10.13280], test-recall=[0.0931, 0.1373], test-ndcg=[0.0724, 0.0869]
2024-05-27 00:10:20,830 - Epoch 133 [6.6s + 2.3s]: train==[10.59328=0.32069 + 0.13934 + 0.00087 + 10.13238], test-recall=[0.0932, 0.1376], test-ndcg=[0.0726, 0.0872]
2024-05-27 00:10:29,965 - Epoch 134 [6.7s + 2.5s]: train==[10.59113=0.31755 + 0.14111 + 0.00087 + 10.13160], test-recall=[0.0937, 0.1382], test-ndcg=[0.0728, 0.0874]
2024-05-27 00:10:38,960 - Epoch 135 [6.5s + 2.5s]: train==[10.58898=0.31444 + 0.14289 + 0.00087 + 10.13078], test-recall=[0.0938, 0.1385], test-ndcg=[0.0730, 0.0876]
2024-05-27 00:10:47,937 - Epoch 136 [6.7s + 2.3s]: train==[10.58511=0.31092 + 0.14453 + 0.00087 + 10.12878], test-recall=[0.0940, 0.1389], test-ndcg=[0.0731, 0.0879]
2024-05-27 00:10:57,094 - Epoch 137 [6.7s + 2.5s]: train==[10.58463=0.30749 + 0.14642 + 0.00087 + 10.12985], test-recall=[0.0941, 0.1392], test-ndcg=[0.0732, 0.0880]
2024-05-27 00:11:06,102 - Epoch 138 [6.5s + 2.5s]: train==[10.58272=0.30469 + 0.14796 + 0.00087 + 10.12920], test-recall=[0.0945, 0.1393], test-ndcg=[0.0734, 0.0881]
2024-05-27 00:11:14,990 - Epoch 139 [6.6s + 2.3s]: train==[10.58081=0.30138 + 0.14978 + 0.00087 + 10.12877], test-recall=[0.0944, 0.1398], test-ndcg=[0.0735, 0.0884]
2024-05-27 00:11:24,196 - Epoch 140 [6.7s + 2.5s]: train==[10.57888=0.29857 + 0.15139 + 0.00087 + 10.12804], test-recall=[0.0945, 0.1400], test-ndcg=[0.0736, 0.0885]
2024-05-27 00:11:33,201 - Epoch 141 [6.5s + 2.5s]: train==[10.57627=0.29528 + 0.15309 + 0.00087 + 10.12704], test-recall=[0.0948, 0.1402], test-ndcg=[0.0738, 0.0886]
2024-05-27 00:11:42,210 - Epoch 142 [6.7s + 2.3s]: train==[10.57408=0.29240 + 0.15462 + 0.00087 + 10.12619], test-recall=[0.0951, 0.1406], test-ndcg=[0.0739, 0.0888]
2024-05-27 00:11:51,419 - Epoch 143 [6.7s + 2.5s]: train==[10.57388=0.28981 + 0.15617 + 0.00087 + 10.12703], test-recall=[0.0953, 0.1408], test-ndcg=[0.0741, 0.0890]
2024-05-27 00:12:00,414 - Epoch 144 [6.5s + 2.5s]: train==[10.57212=0.28703 + 0.15775 + 0.00087 + 10.12647], test-recall=[0.0955, 0.1411], test-ndcg=[0.0742, 0.0891]
2024-05-27 00:12:09,409 - Epoch 145 [6.7s + 2.3s]: train==[10.56943=0.28375 + 0.15930 + 0.00087 + 10.12550], test-recall=[0.0955, 0.1412], test-ndcg=[0.0742, 0.0892]
2024-05-27 00:12:18,486 - Epoch 146 [6.6s + 2.4s]: train==[10.56748=0.28135 + 0.16079 + 0.00087 + 10.12446], test-recall=[0.0958, 0.1415], test-ndcg=[0.0744, 0.0894]
2024-05-27 00:12:27,432 - Epoch 147 [6.5s + 2.4s]: train==[10.56762=0.27909 + 0.16238 + 0.00087 + 10.12528], test-recall=[0.0958, 0.1418], test-ndcg=[0.0745, 0.0896]
2024-05-27 00:12:36,418 - Epoch 148 [6.7s + 2.3s]: train==[10.56650=0.27662 + 0.16381 + 0.00087 + 10.12519], test-recall=[0.0961, 0.1420], test-ndcg=[0.0747, 0.0898]
2024-05-27 00:12:45,519 - Epoch 149 [6.6s + 2.5s]: train==[10.56324=0.27359 + 0.16535 + 0.00087 + 10.12343], test-recall=[0.0963, 0.1421], test-ndcg=[0.0748, 0.0898]
2024-05-27 00:12:54,460 - Epoch 150 [6.5s + 2.5s]: train==[10.56373=0.27167 + 0.16673 + 0.00087 + 10.12445], test-recall=[0.0963, 0.1424], test-ndcg=[0.0748, 0.0899]
2024-05-27 00:13:03,356 - Epoch 151 [6.6s + 2.3s]: train==[10.56247=0.26946 + 0.16810 + 0.00087 + 10.12405], test-recall=[0.0963, 0.1429], test-ndcg=[0.0749, 0.0902]
2024-05-27 00:13:12,458 - Epoch 152 [6.6s + 2.5s]: train==[10.56191=0.26720 + 0.16944 + 0.00087 + 10.12440], test-recall=[0.0967, 0.1428], test-ndcg=[0.0750, 0.0901]
2024-05-27 00:13:21,581 - Epoch 153 [6.7s + 2.5s]: train==[10.56113=0.26502 + 0.17082 + 0.00087 + 10.12442], test-recall=[0.0967, 0.1427], test-ndcg=[0.0751, 0.0902]
2024-05-27 00:13:30,527 - Epoch 154 [6.6s + 2.3s]: train==[10.56012=0.26285 + 0.17212 + 0.00087 + 10.12427], test-recall=[0.0968, 0.1431], test-ndcg=[0.0752, 0.0903]
2024-05-27 00:13:39,753 - Epoch 155 [6.8s + 2.5s]: train==[10.55987=0.26050 + 0.17350 + 0.00087 + 10.12500], test-recall=[0.0970, 0.1431], test-ndcg=[0.0752, 0.0903]
2024-05-27 00:13:48,766 - Epoch 156 [6.6s + 2.5s]: train==[10.55613=0.25795 + 0.17485 + 0.00087 + 10.12246], test-recall=[0.0972, 0.1431], test-ndcg=[0.0753, 0.0904]
2024-05-27 00:13:57,802 - Epoch 157 [6.7s + 2.3s]: train==[10.55740=0.25650 + 0.17599 + 0.00087 + 10.12404], test-recall=[0.0971, 0.1434], test-ndcg=[0.0753, 0.0905]
2024-05-27 00:14:06,973 - Epoch 158 [6.7s + 2.5s]: train==[10.55529=0.25413 + 0.17724 + 0.00087 + 10.12305], test-recall=[0.0972, 0.1437], test-ndcg=[0.0754, 0.0906]
2024-05-27 00:14:15,983 - Epoch 159 [6.6s + 2.5s]: train==[10.55465=0.25268 + 0.17851 + 0.00087 + 10.12259], test-recall=[0.0973, 0.1437], test-ndcg=[0.0754, 0.0907]
2024-05-27 00:14:25,024 - Epoch 160 [6.7s + 2.3s]: train==[10.55406=0.25057 + 0.17970 + 0.00087 + 10.12292], test-recall=[0.0973, 0.1437], test-ndcg=[0.0755, 0.0907]
2024-05-27 00:14:34,105 - Epoch 161 [6.6s + 2.5s]: train==[10.55332=0.24863 + 0.18085 + 0.00087 + 10.12297], test-recall=[0.0973, 0.1439], test-ndcg=[0.0755, 0.0908]
2024-05-27 00:14:43,082 - Epoch 162 [6.5s + 2.5s]: train==[10.55393=0.24724 + 0.18200 + 0.00087 + 10.12382], test-recall=[0.0976, 0.1440], test-ndcg=[0.0756, 0.0909]
2024-05-27 00:14:52,059 - Epoch 163 [6.7s + 2.3s]: train==[10.55353=0.24551 + 0.18323 + 0.00087 + 10.12392], test-recall=[0.0980, 0.1440], test-ndcg=[0.0759, 0.0910]
2024-05-27 00:15:01,209 - Epoch 164 [6.7s + 2.5s]: train==[10.55034=0.24328 + 0.18431 + 0.00087 + 10.12188], test-recall=[0.0979, 0.1443], test-ndcg=[0.0758, 0.0910]
2024-05-27 00:15:10,225 - Epoch 165 [6.5s + 2.5s]: train==[10.54917=0.24173 + 0.18532 + 0.00087 + 10.12125], test-recall=[0.0980, 0.1446], test-ndcg=[0.0759, 0.0912]
2024-05-27 00:15:19,120 - Epoch 166 [6.6s + 2.3s]: train==[10.55039=0.24038 + 0.18642 + 0.00087 + 10.12272], test-recall=[0.0978, 0.1444], test-ndcg=[0.0759, 0.0912]
2024-05-27 00:15:28,298 - Epoch 167 [6.7s + 2.4s]: train==[10.54734=0.23841 + 0.18744 + 0.00087 + 10.12063], test-recall=[0.0981, 0.1447], test-ndcg=[0.0759, 0.0912]
2024-05-27 00:15:37,357 - Epoch 168 [6.6s + 2.5s]: train==[10.54908=0.23737 + 0.18839 + 0.00087 + 10.12244], test-recall=[0.0982, 0.1447], test-ndcg=[0.0760, 0.0913]
2024-05-27 00:15:46,371 - Epoch 169 [6.7s + 2.3s]: train==[10.54721=0.23551 + 0.18943 + 0.00087 + 10.12140], test-recall=[0.0983, 0.1449], test-ndcg=[0.0760, 0.0913]
2024-05-27 00:15:55,530 - Epoch 170 [6.7s + 2.5s]: train==[10.54755=0.23415 + 0.19045 + 0.00087 + 10.12208], test-recall=[0.0984, 0.1450], test-ndcg=[0.0760, 0.0914]
2024-05-27 00:16:04,515 - Epoch 171 [6.5s + 2.5s]: train==[10.54616=0.23261 + 0.19131 + 0.00087 + 10.12138], test-recall=[0.0983, 0.1451], test-ndcg=[0.0760, 0.0914]
2024-05-27 00:16:13,552 - Epoch 172 [6.7s + 2.3s]: train==[10.54735=0.23185 + 0.19221 + 0.00087 + 10.12242], test-recall=[0.0984, 0.1454], test-ndcg=[0.0761, 0.0915]
2024-05-27 00:16:22,653 - Epoch 173 [6.6s + 2.5s]: train==[10.54607=0.23020 + 0.19314 + 0.00087 + 10.12186], test-recall=[0.0984, 0.1456], test-ndcg=[0.0761, 0.0916]
2024-05-27 00:16:31,627 - Epoch 174 [6.5s + 2.5s]: train==[10.54441=0.22817 + 0.19399 + 0.00087 + 10.12138], test-recall=[0.0985, 0.1454], test-ndcg=[0.0761, 0.0915]
2024-05-27 00:16:40,509 - Epoch 175 [6.6s + 2.3s]: train==[10.54483=0.22796 + 0.19482 + 0.00087 + 10.12118], test-recall=[0.0985, 0.1456], test-ndcg=[0.0761, 0.0916]
2024-05-27 00:16:49,625 - Epoch 176 [6.6s + 2.5s]: train==[10.54330=0.22636 + 0.19570 + 0.00087 + 10.12037], test-recall=[0.0986, 0.1458], test-ndcg=[0.0762, 0.0917]
2024-05-27 00:16:58,567 - Epoch 177 [6.5s + 2.5s]: train==[10.54386=0.22505 + 0.19656 + 0.00087 + 10.12138], test-recall=[0.0986, 0.1458], test-ndcg=[0.0762, 0.0917]
2024-05-27 00:17:07,462 - Epoch 178 [6.6s + 2.3s]: train==[10.54469=0.22426 + 0.19726 + 0.00087 + 10.12230], test-recall=[0.0987, 0.1456], test-ndcg=[0.0762, 0.0917]
2024-05-27 00:17:16,566 - Epoch 179 [6.7s + 2.5s]: train==[10.54235=0.22281 + 0.19809 + 0.00087 + 10.12058], test-recall=[0.0989, 0.1458], test-ndcg=[0.0763, 0.0917]
2024-05-27 00:17:25,687 - Epoch 180 [6.7s + 2.5s]: train==[10.54269=0.22200 + 0.19886 + 0.00087 + 10.12095], test-recall=[0.0987, 0.1459], test-ndcg=[0.0762, 0.0917]
2024-05-27 00:17:34,596 - Epoch 181 [6.6s + 2.3s]: train==[10.54213=0.22101 + 0.19962 + 0.00087 + 10.12064], test-recall=[0.0988, 0.1460], test-ndcg=[0.0762, 0.0917]
2024-05-27 00:17:43,624 - Epoch 182 [6.6s + 2.5s]: train==[10.54222=0.21967 + 0.20029 + 0.00087 + 10.12139], test-recall=[0.0988, 0.1460], test-ndcg=[0.0762, 0.0917]
2024-05-27 00:17:52,566 - Epoch 183 [6.5s + 2.5s]: train==[10.54249=0.21904 + 0.20101 + 0.00087 + 10.12158], test-recall=[0.0990, 0.1460], test-ndcg=[0.0763, 0.0917]
2024-05-27 00:18:01,443 - Epoch 184 [6.6s + 2.3s]: train==[10.54226=0.21830 + 0.20176 + 0.00087 + 10.12133], test-recall=[0.0990, 0.1461], test-ndcg=[0.0763, 0.0918]
2024-05-27 00:18:10,534 - Epoch 185 [6.6s + 2.4s]: train==[10.54062=0.21699 + 0.20242 + 0.00087 + 10.12034], test-recall=[0.0991, 0.1463], test-ndcg=[0.0764, 0.0919]
2024-05-27 00:18:19,439 - Epoch 186 [6.5s + 2.4s]: train==[10.54097=0.21585 + 0.20315 + 0.00087 + 10.12109], test-recall=[0.0990, 0.1462], test-ndcg=[0.0763, 0.0918]
2024-05-27 00:18:28,469 - Epoch 187 [6.8s + 2.3s]: train==[10.53987=0.21482 + 0.20374 + 0.00087 + 10.12044], test-recall=[0.0989, 0.1462], test-ndcg=[0.0763, 0.0918]
2024-05-27 00:18:37,541 - Epoch 188 [6.6s + 2.4s]: train==[10.53920=0.21392 + 0.20444 + 0.00087 + 10.11997], test-recall=[0.0990, 0.1460], test-ndcg=[0.0764, 0.0918]
2024-05-27 00:18:46,398 - Epoch 189 [6.4s + 2.5s]: train==[10.53949=0.21333 + 0.20502 + 0.00087 + 10.12027], test-recall=[0.0990, 0.1461], test-ndcg=[0.0763, 0.0917]
2024-05-27 00:18:55,315 - Epoch 190 [6.6s + 2.3s]: train==[10.53968=0.21223 + 0.20559 + 0.00087 + 10.12098], test-recall=[0.0989, 0.1461], test-ndcg=[0.0762, 0.0917]
2024-05-27 00:19:04,463 - Epoch 191 [6.7s + 2.5s]: train==[10.53883=0.21156 + 0.20620 + 0.00087 + 10.12020], test-recall=[0.0990, 0.1462], test-ndcg=[0.0763, 0.0918]
2024-05-27 00:19:13,465 - Epoch 192 [6.5s + 2.5s]: train==[10.53801=0.21087 + 0.20672 + 0.00087 + 10.11955], test-recall=[0.0987, 0.1462], test-ndcg=[0.0761, 0.0917]
2024-05-27 00:19:22,485 - Epoch 193 [6.7s + 2.3s]: train==[10.53755=0.20962 + 0.20738 + 0.00087 + 10.11968], test-recall=[0.0989, 0.1465], test-ndcg=[0.0762, 0.0918]
2024-05-27 00:19:31,589 - Epoch 194 [6.6s + 2.5s]: train==[10.53746=0.20904 + 0.20794 + 0.00087 + 10.11960], test-recall=[0.0989, 0.1463], test-ndcg=[0.0762, 0.0917]
2024-05-27 00:19:40,554 - Epoch 195 [6.5s + 2.5s]: train==[10.53728=0.20861 + 0.20843 + 0.00087 + 10.11937], test-recall=[0.0990, 0.1463], test-ndcg=[0.0762, 0.0917]
2024-05-27 00:19:49,439 - Epoch 196 [6.6s + 2.3s]: train==[10.53866=0.20800 + 0.20897 + 0.00087 + 10.12082], test-recall=[0.0989, 0.1463], test-ndcg=[0.0762, 0.0918]
2024-05-27 00:19:58,574 - Epoch 197 [6.7s + 2.5s]: train==[10.53814=0.20726 + 0.20943 + 0.00087 + 10.12058], test-recall=[0.0990, 0.1464], test-ndcg=[0.0762, 0.0918]
2024-05-27 00:20:07,733 - Epoch 198 [6.7s + 2.5s]: train==[10.53731=0.20654 + 0.20985 + 0.00087 + 10.12005], test-recall=[0.0989, 0.1464], test-ndcg=[0.0761, 0.0917]
2024-05-27 00:20:16,563 - Epoch 199 [6.6s + 2.3s]: train==[10.53655=0.20579 + 0.21047 + 0.00087 + 10.11942], test-recall=[0.0986, 0.1465], test-ndcg=[0.0760, 0.0918]
2024-05-27 00:20:19,017 - Final Test Set Result: test-recall=[0.0986, 0.1465], test-ndcg=[0.0760, 0.0917]
