2024-05-24 16:06:03,671 - n_users=50821, n_items=57440	n_interactions=1302695	n_train=1172425, n_test=130270, sparsity=0.00040
2024-05-24 16:06:03,671 - Namespace(Ks='[20, 40]', batch_size=10240, cen_reg=1e-05, data_path='data/', dataset='gowalla', emb_reg=1e-05, embed_size=32, epoch=150, lr=0.001, n_batch=40, n_intents=64, n_layers=2, sample_num=40, save_model=False, seed=2023, show_step=1, ssl_reg=0.4, temp=0.2, train_num=10000, verbose=1)
2024-05-24 16:06:13,233 - Epoch  0 [6.3s + 0.9s]: train==[15.25359=0.69010 + 0.00093 + 0.00083 + 14.56173], test-recall=[0.1100, 0.1562], test-ndcg=[0.0662, 0.0783]
2024-05-24 16:06:20,254 - Epoch  1 [6.1s + 1.0s]: train==[12.64366=0.68149 + 0.00249 + 0.00083 + 11.95886], test-recall=[0.1395, 0.1957], test-ndcg=[0.0838, 0.0985]
2024-05-24 16:06:27,321 - Epoch  2 [6.2s + 0.9s]: train==[11.02633=0.67468 + 0.00398 + 0.00083 + 10.34683], test-recall=[0.1481, 0.2076], test-ndcg=[0.0892, 0.1047]
2024-05-24 16:06:34,470 - Epoch  3 [6.3s + 0.9s]: train==[10.89970=0.67259 + 0.00447 + 0.00083 + 10.22180], test-recall=[0.1547, 0.2143], test-ndcg=[0.0928, 0.1084]
2024-05-24 16:06:41,491 - Epoch  4 [6.2s + 0.9s]: train==[10.85316=0.67072 + 0.00483 + 0.00083 + 10.17678], test-recall=[0.1581, 0.2206], test-ndcg=[0.0951, 0.1114]
2024-05-24 16:06:48,691 - Epoch  5 [6.3s + 0.9s]: train==[10.82396=0.66877 + 0.00519 + 0.00083 + 10.14916], test-recall=[0.1601, 0.2238], test-ndcg=[0.0965, 0.1131]
2024-05-24 16:06:55,582 - Epoch  6 [6.0s + 0.9s]: train==[10.80066=0.66661 + 0.00558 + 0.00083 + 10.12764], test-recall=[0.1614, 0.2247], test-ndcg=[0.0969, 0.1135]
2024-05-24 16:07:02,696 - Epoch  7 [6.2s + 0.9s]: train==[10.78442=0.66442 + 0.00598 + 0.00083 + 10.11318], test-recall=[0.1621, 0.2262], test-ndcg=[0.0969, 0.1136]
2024-05-24 16:07:09,700 - Epoch  8 [6.1s + 0.9s]: train==[10.76873=0.66197 + 0.00641 + 0.00083 + 10.09951], test-recall=[0.1617, 0.2257], test-ndcg=[0.0968, 0.1135]
2024-05-24 16:07:16,767 - Epoch  9 [6.2s + 0.9s]: train==[10.75550=0.65932 + 0.00688 + 0.00083 + 10.08847], test-recall=[0.1606, 0.2245], test-ndcg=[0.0962, 0.1129]
2024-05-24 16:07:23,639 - Epoch 10 [6.0s + 0.9s]: train==[10.74409=0.65656 + 0.00737 + 0.00083 + 10.07933], test-recall=[0.1594, 0.2221], test-ndcg=[0.0954, 0.1117]
2024-05-24 16:07:30,698 - Epoch 11 [6.2s + 0.9s]: train==[10.73422=0.65365 + 0.00787 + 0.00083 + 10.07187], test-recall=[0.1572, 0.2202], test-ndcg=[0.0940, 0.1103]
2024-05-24 16:07:37,580 - Epoch 12 [6.0s + 0.9s]: train==[10.72499=0.65057 + 0.00841 + 0.00083 + 10.06518], test-recall=[0.1545, 0.2160], test-ndcg=[0.0925, 0.1085]
2024-05-24 16:07:44,692 - Epoch 13 [6.2s + 0.9s]: train==[10.71534=0.64702 + 0.00900 + 0.00083 + 10.05848], test-recall=[0.1522, 0.2139], test-ndcg=[0.0909, 0.1070]
2024-05-24 16:07:51,685 - Epoch 14 [6.1s + 0.9s]: train==[10.70711=0.64347 + 0.00963 + 0.00083 + 10.05319], test-recall=[0.1491, 0.2101], test-ndcg=[0.0891, 0.1049]
2024-05-24 16:07:58,731 - Epoch 15 [6.2s + 0.9s]: train==[10.69960=0.63948 + 0.01030 + 0.00083 + 10.04899], test-recall=[0.1463, 0.2062], test-ndcg=[0.0871, 0.1026]
2024-05-24 16:08:05,592 - Epoch 16 [6.0s + 0.9s]: train==[10.69254=0.63546 + 0.01099 + 0.00083 + 10.04525], test-recall=[0.1430, 0.2016], test-ndcg=[0.0851, 0.1004]
2024-05-24 16:08:12,700 - Epoch 17 [6.2s + 0.9s]: train==[10.68282=0.63100 + 0.01176 + 0.00083 + 10.03922], test-recall=[0.1400, 0.1974], test-ndcg=[0.0828, 0.0978]
2024-05-24 16:08:19,517 - Epoch 18 [5.9s + 0.9s]: train==[10.67701=0.62636 + 0.01257 + 0.00083 + 10.03725], test-recall=[0.1368, 0.1924], test-ndcg=[0.0808, 0.0953]
2024-05-24 16:08:26,884 - Epoch 19 [6.5s + 0.9s]: train==[10.66887=0.62155 + 0.01342 + 0.00083 + 10.03307], test-recall=[0.1335, 0.1889], test-ndcg=[0.0789, 0.0933]
2024-05-24 16:08:33,885 - Epoch 20 [6.1s + 0.9s]: train==[10.66089=0.61585 + 0.01435 + 0.00083 + 10.02985], test-recall=[0.1311, 0.1857], test-ndcg=[0.0774, 0.0915]
2024-05-24 16:08:41,061 - Epoch 21 [6.3s + 0.9s]: train==[10.65534=0.61056 + 0.01535 + 0.00083 + 10.02859], test-recall=[0.1284, 0.1829], test-ndcg=[0.0758, 0.0900]
2024-05-24 16:08:48,248 - Epoch 22 [6.3s + 0.9s]: train==[10.64587=0.60483 + 0.01639 + 0.00084 + 10.02381], test-recall=[0.1259, 0.1796], test-ndcg=[0.0742, 0.0881]
2024-05-24 16:08:55,487 - Epoch 23 [6.4s + 0.9s]: train==[10.64015=0.59890 + 0.01750 + 0.00084 + 10.02291], test-recall=[0.1249, 0.1778], test-ndcg=[0.0733, 0.0870]
2024-05-24 16:09:02,658 - Epoch 24 [6.3s + 0.9s]: train==[10.62986=0.59273 + 0.01864 + 0.00084 + 10.01766], test-recall=[0.1233, 0.1760], test-ndcg=[0.0724, 0.0860]
2024-05-24 16:09:09,875 - Epoch 25 [6.3s + 0.9s]: train==[10.62464=0.58684 + 0.01983 + 0.00084 + 10.01714], test-recall=[0.1224, 0.1747], test-ndcg=[0.0717, 0.0852]
2024-05-24 16:09:17,073 - Epoch 26 [6.3s + 0.9s]: train==[10.61574=0.58030 + 0.02112 + 0.00084 + 10.01348], test-recall=[0.1216, 0.1735], test-ndcg=[0.0714, 0.0848]
2024-05-24 16:09:24,259 - Epoch 27 [6.3s + 0.9s]: train==[10.61058=0.57379 + 0.02246 + 0.00084 + 10.01350], test-recall=[0.1215, 0.1732], test-ndcg=[0.0712, 0.0846]
2024-05-24 16:09:31,447 - Epoch 28 [6.3s + 0.9s]: train==[10.60198=0.56678 + 0.02389 + 0.00084 + 10.01047], test-recall=[0.1213, 0.1732], test-ndcg=[0.0713, 0.0847]
2024-05-24 16:09:38,666 - Epoch 29 [6.3s + 0.9s]: train==[10.59427=0.56016 + 0.02530 + 0.00084 + 10.00798], test-recall=[0.1216, 0.1731], test-ndcg=[0.0716, 0.0849]
2024-05-24 16:09:45,663 - Epoch 30 [6.1s + 0.9s]: train==[10.58719=0.55289 + 0.02683 + 0.00084 + 10.00664], test-recall=[0.1219, 0.1733], test-ndcg=[0.0719, 0.0852]
2024-05-24 16:09:52,732 - Epoch 31 [6.2s + 0.9s]: train==[10.58020=0.54608 + 0.02838 + 0.00084 + 10.00490], test-recall=[0.1228, 0.1745], test-ndcg=[0.0723, 0.0857]
2024-05-24 16:09:59,800 - Epoch 32 [6.2s + 0.9s]: train==[10.57153=0.53881 + 0.03000 + 0.00084 + 10.00189], test-recall=[0.1239, 0.1753], test-ndcg=[0.0729, 0.0862]
2024-05-24 16:10:07,034 - Epoch 33 [6.3s + 0.9s]: train==[10.56473=0.53182 + 0.03167 + 0.00084 + 10.00041], test-recall=[0.1251, 0.1768], test-ndcg=[0.0737, 0.0871]
2024-05-24 16:10:14,065 - Epoch 34 [6.2s + 0.9s]: train==[10.55671=0.52416 + 0.03341 + 0.00084 + 9.99830], test-recall=[0.1264, 0.1785], test-ndcg=[0.0745, 0.0880]
2024-05-24 16:10:21,245 - Epoch 35 [6.3s + 0.9s]: train==[10.54941=0.51689 + 0.03516 + 0.00084 + 9.99653], test-recall=[0.1276, 0.1802], test-ndcg=[0.0754, 0.0890]
2024-05-24 16:10:28,415 - Epoch 36 [6.3s + 0.9s]: train==[10.54174=0.50950 + 0.03697 + 0.00084 + 9.99444], test-recall=[0.1295, 0.1817], test-ndcg=[0.0767, 0.0902]
2024-05-24 16:10:35,665 - Epoch 37 [6.3s + 0.9s]: train==[10.53587=0.50246 + 0.03879 + 0.00084 + 9.99379], test-recall=[0.1308, 0.1841], test-ndcg=[0.0777, 0.0915]
2024-05-24 16:10:42,788 - Epoch 38 [6.2s + 0.9s]: train==[10.52752=0.49456 + 0.04075 + 0.00084 + 9.99137], test-recall=[0.1329, 0.1862], test-ndcg=[0.0788, 0.0927]
2024-05-24 16:10:49,811 - Epoch 39 [6.1s + 0.9s]: train==[10.52005=0.48734 + 0.04264 + 0.00084 + 9.98924], test-recall=[0.1350, 0.1891], test-ndcg=[0.0803, 0.0943]
2024-05-24 16:10:56,701 - Epoch 40 [6.0s + 0.9s]: train==[10.51302=0.47994 + 0.04459 + 0.00084 + 9.98765], test-recall=[0.1362, 0.1907], test-ndcg=[0.0813, 0.0954]
2024-05-24 16:11:03,825 - Epoch 41 [6.3s + 0.9s]: train==[10.50645=0.47276 + 0.04661 + 0.00084 + 9.98625], test-recall=[0.1387, 0.1931], test-ndcg=[0.0825, 0.0966]
2024-05-24 16:11:10,984 - Epoch 42 [6.3s + 0.9s]: train==[10.49996=0.46520 + 0.04866 + 0.00084 + 9.98527], test-recall=[0.1412, 0.1964], test-ndcg=[0.0839, 0.0982]
2024-05-24 16:11:18,205 - Epoch 43 [6.3s + 0.9s]: train==[10.49124=0.45762 + 0.05069 + 0.00084 + 9.98210], test-recall=[0.1432, 0.1992], test-ndcg=[0.0851, 0.0996]
2024-05-24 16:11:25,439 - Epoch 44 [6.3s + 0.9s]: train==[10.48464=0.45009 + 0.05278 + 0.00084 + 9.98093], test-recall=[0.1451, 0.2016], test-ndcg=[0.0865, 0.1011]
2024-05-24 16:11:32,591 - Epoch 45 [6.3s + 0.9s]: train==[10.47861=0.44279 + 0.05490 + 0.00084 + 9.98009], test-recall=[0.1467, 0.2040], test-ndcg=[0.0877, 0.1026]
2024-05-24 16:11:39,809 - Epoch 46 [6.3s + 0.9s]: train==[10.47079=0.43545 + 0.05706 + 0.00084 + 9.97744], test-recall=[0.1490, 0.2067], test-ndcg=[0.0892, 0.1041]
2024-05-24 16:11:47,051 - Epoch 47 [6.3s + 0.9s]: train==[10.46361=0.42766 + 0.05925 + 0.00084 + 9.97586], test-recall=[0.1514, 0.2096], test-ndcg=[0.0908, 0.1058]
2024-05-24 16:11:54,228 - Epoch 48 [6.3s + 0.9s]: train==[10.45723=0.42105 + 0.06133 + 0.00084 + 9.97401], test-recall=[0.1538, 0.2118], test-ndcg=[0.0920, 0.1070]
2024-05-24 16:12:01,418 - Epoch 49 [6.3s + 0.9s]: train==[10.45134=0.41411 + 0.06349 + 0.00084 + 9.97290], test-recall=[0.1556, 0.2147], test-ndcg=[0.0932, 0.1085]
2024-05-24 16:12:08,614 - Epoch 50 [6.3s + 0.9s]: train==[10.44453=0.40649 + 0.06577 + 0.00084 + 9.97144], test-recall=[0.1577, 0.2173], test-ndcg=[0.0944, 0.1098]
2024-05-24 16:12:15,763 - Epoch 51 [6.3s + 0.9s]: train==[10.43746=0.39935 + 0.06801 + 0.00084 + 9.96927], test-recall=[0.1601, 0.2198], test-ndcg=[0.0958, 0.1113]
2024-05-24 16:12:22,818 - Epoch 52 [6.2s + 0.9s]: train==[10.43092=0.39254 + 0.07024 + 0.00084 + 9.96731], test-recall=[0.1613, 0.2220], test-ndcg=[0.0968, 0.1126]
2024-05-24 16:12:29,918 - Epoch 53 [6.2s + 0.9s]: train==[10.42505=0.38579 + 0.07242 + 0.00084 + 9.96601], test-recall=[0.1636, 0.2255], test-ndcg=[0.0981, 0.1142]
2024-05-24 16:12:36,922 - Epoch 54 [6.1s + 0.9s]: train==[10.41731=0.37776 + 0.07482 + 0.00084 + 9.96389], test-recall=[0.1653, 0.2282], test-ndcg=[0.0993, 0.1156]
2024-05-24 16:12:44,198 - Epoch 55 [6.4s + 0.9s]: train==[10.41430=0.37182 + 0.07700 + 0.00084 + 9.96463], test-recall=[0.1670, 0.2307], test-ndcg=[0.1004, 0.1169]
2024-05-24 16:12:51,116 - Epoch 56 [6.0s + 0.9s]: train==[10.40633=0.36473 + 0.07929 + 0.00084 + 9.96147], test-recall=[0.1686, 0.2330], test-ndcg=[0.1015, 0.1182]
2024-05-24 16:12:58,368 - Epoch 57 [6.4s + 0.9s]: train==[10.39849=0.35792 + 0.08155 + 0.00084 + 9.95818], test-recall=[0.1703, 0.2350], test-ndcg=[0.1025, 0.1193]
2024-05-24 16:13:05,605 - Epoch 58 [6.3s + 0.9s]: train==[10.39201=0.35096 + 0.08392 + 0.00084 + 9.95629], test-recall=[0.1720, 0.2373], test-ndcg=[0.1038, 0.1206]
2024-05-24 16:13:12,835 - Epoch 59 [6.3s + 0.9s]: train==[10.39002=0.34554 + 0.08607 + 0.00084 + 9.95757], test-recall=[0.1743, 0.2394], test-ndcg=[0.1050, 0.1218]
2024-05-24 16:13:19,997 - Epoch 60 [6.3s + 0.9s]: train==[10.38408=0.33915 + 0.08833 + 0.00084 + 9.95575], test-recall=[0.1757, 0.2411], test-ndcg=[0.1058, 0.1228]
2024-05-24 16:13:27,177 - Epoch 61 [6.3s + 0.9s]: train==[10.37813=0.33275 + 0.09058 + 0.00084 + 9.95396], test-recall=[0.1774, 0.2434], test-ndcg=[0.1069, 0.1240]
2024-05-24 16:13:34,182 - Epoch 62 [6.1s + 0.9s]: train==[10.37079=0.32620 + 0.09293 + 0.00084 + 9.95083], test-recall=[0.1791, 0.2452], test-ndcg=[0.1078, 0.1249]
2024-05-24 16:13:41,285 - Epoch 63 [6.2s + 0.9s]: train==[10.36720=0.32046 + 0.09508 + 0.00084 + 9.95083], test-recall=[0.1802, 0.2470], test-ndcg=[0.1085, 0.1259]
2024-05-24 16:13:48,421 - Epoch 64 [6.2s + 0.9s]: train==[10.36048=0.31434 + 0.09729 + 0.00084 + 9.94801], test-recall=[0.1821, 0.2490], test-ndcg=[0.1096, 0.1270]
2024-05-24 16:13:55,456 - Epoch 65 [6.2s + 0.9s]: train==[10.35581=0.30872 + 0.09950 + 0.00084 + 9.94674], test-recall=[0.1833, 0.2507], test-ndcg=[0.1105, 0.1281]
2024-05-24 16:14:02,566 - Epoch 66 [6.2s + 0.9s]: train==[10.35026=0.30282 + 0.10168 + 0.00084 + 9.94492], test-recall=[0.1844, 0.2532], test-ndcg=[0.1111, 0.1289]
2024-05-24 16:14:09,724 - Epoch 67 [6.3s + 0.9s]: train==[10.34639=0.29766 + 0.10379 + 0.00084 + 9.94410], test-recall=[0.1856, 0.2549], test-ndcg=[0.1118, 0.1299]
2024-05-24 16:14:16,801 - Epoch 68 [6.2s + 0.9s]: train==[10.34166=0.29195 + 0.10593 + 0.00084 + 9.94294], test-recall=[0.1867, 0.2566], test-ndcg=[0.1126, 0.1308]
2024-05-24 16:14:23,844 - Epoch 69 [6.2s + 0.9s]: train==[10.33546=0.28625 + 0.10818 + 0.00084 + 9.94019], test-recall=[0.1879, 0.2580], test-ndcg=[0.1133, 0.1315]
2024-05-24 16:14:30,872 - Epoch 70 [6.1s + 0.9s]: train==[10.33171=0.28145 + 0.11018 + 0.00084 + 9.93925], test-recall=[0.1886, 0.2593], test-ndcg=[0.1138, 0.1322]
2024-05-24 16:14:38,165 - Epoch 71 [6.4s + 0.9s]: train==[10.32821=0.27648 + 0.11230 + 0.00084 + 9.93859], test-recall=[0.1900, 0.2603], test-ndcg=[0.1144, 0.1328]
2024-05-24 16:14:45,267 - Epoch 72 [6.2s + 0.9s]: train==[10.32489=0.27159 + 0.11431 + 0.00084 + 9.93815], test-recall=[0.1904, 0.2616], test-ndcg=[0.1148, 0.1334]
2024-05-24 16:14:52,362 - Epoch 73 [6.2s + 0.9s]: train==[10.31783=0.26596 + 0.11647 + 0.00084 + 9.93456], test-recall=[0.1915, 0.2634], test-ndcg=[0.1154, 0.1342]
2024-05-24 16:14:59,541 - Epoch 74 [6.3s + 0.9s]: train==[10.31451=0.26178 + 0.11837 + 0.00083 + 9.93352], test-recall=[0.1924, 0.2646], test-ndcg=[0.1159, 0.1348]
2024-05-24 16:15:06,774 - Epoch 75 [6.4s + 0.9s]: train==[10.31082=0.25687 + 0.12045 + 0.00083 + 9.93266], test-recall=[0.1933, 0.2655], test-ndcg=[0.1164, 0.1352]
2024-05-24 16:15:13,973 - Epoch 76 [6.3s + 0.9s]: train==[10.30804=0.25269 + 0.12236 + 0.00083 + 9.93216], test-recall=[0.1938, 0.2667], test-ndcg=[0.1167, 0.1357]
2024-05-24 16:15:21,178 - Epoch 77 [6.3s + 0.9s]: train==[10.30454=0.24850 + 0.12423 + 0.00083 + 9.93097], test-recall=[0.1949, 0.2678], test-ndcg=[0.1174, 0.1364]
2024-05-24 16:15:28,378 - Epoch 78 [6.3s + 0.9s]: train==[10.30022=0.24383 + 0.12618 + 0.00083 + 9.92937], test-recall=[0.1952, 0.2686], test-ndcg=[0.1177, 0.1368]
2024-05-24 16:15:35,537 - Epoch 79 [6.3s + 0.9s]: train==[10.29558=0.23974 + 0.12799 + 0.00083 + 9.92701], test-recall=[0.1957, 0.2699], test-ndcg=[0.1180, 0.1374]
2024-05-24 16:15:42,730 - Epoch 80 [6.3s + 0.9s]: train==[10.29223=0.23581 + 0.12987 + 0.00083 + 9.92571], test-recall=[0.1961, 0.2707], test-ndcg=[0.1183, 0.1378]
2024-05-24 16:15:49,918 - Epoch 81 [6.3s + 0.9s]: train==[10.28961=0.23179 + 0.13170 + 0.00083 + 9.92529], test-recall=[0.1966, 0.2713], test-ndcg=[0.1186, 0.1381]
2024-05-24 16:15:56,879 - Epoch 82 [6.1s + 0.9s]: train==[10.28635=0.22802 + 0.13348 + 0.00083 + 9.92401], test-recall=[0.1977, 0.2720], test-ndcg=[0.1189, 0.1384]
2024-05-24 16:16:04,020 - Epoch 83 [6.2s + 0.9s]: train==[10.28387=0.22437 + 0.13526 + 0.00083 + 9.92341], test-recall=[0.1983, 0.2729], test-ndcg=[0.1194, 0.1389]
2024-05-24 16:16:11,004 - Epoch 84 [6.1s + 0.9s]: train==[10.28091=0.22088 + 0.13696 + 0.00083 + 9.92223], test-recall=[0.1988, 0.2738], test-ndcg=[0.1196, 0.1391]
2024-05-24 16:16:18,123 - Epoch 85 [6.3s + 0.9s]: train==[10.27770=0.21732 + 0.13856 + 0.00083 + 9.92098], test-recall=[0.1997, 0.2743], test-ndcg=[0.1200, 0.1396]
2024-05-24 16:16:25,283 - Epoch 86 [6.3s + 0.9s]: train==[10.27572=0.21412 + 0.14021 + 0.00083 + 9.92056], test-recall=[0.2003, 0.2750], test-ndcg=[0.1202, 0.1398]
2024-05-24 16:16:32,147 - Epoch 87 [6.0s + 0.9s]: train==[10.27291=0.21090 + 0.14180 + 0.00083 + 9.91938], test-recall=[0.2006, 0.2760], test-ndcg=[0.1204, 0.1402]
2024-05-24 16:16:39,148 - Epoch 88 [6.1s + 0.9s]: train==[10.27036=0.20772 + 0.14338 + 0.00083 + 9.91842], test-recall=[0.2014, 0.2763], test-ndcg=[0.1208, 0.1404]
2024-05-24 16:16:46,373 - Epoch 89 [6.3s + 0.9s]: train==[10.26784=0.20432 + 0.14503 + 0.00083 + 9.91766], test-recall=[0.2015, 0.2766], test-ndcg=[0.1208, 0.1405]
2024-05-24 16:16:53,548 - Epoch 90 [6.3s + 0.9s]: train==[10.26530=0.20162 + 0.14640 + 0.00083 + 9.91645], test-recall=[0.2018, 0.2777], test-ndcg=[0.1213, 0.1412]
2024-05-24 16:17:00,691 - Epoch 91 [6.3s + 0.9s]: train==[10.26200=0.19849 + 0.14801 + 0.00083 + 9.91467], test-recall=[0.2024, 0.2785], test-ndcg=[0.1214, 0.1413]
2024-05-24 16:17:07,693 - Epoch 92 [6.1s + 0.9s]: train==[10.26095=0.19609 + 0.14933 + 0.00083 + 9.91469], test-recall=[0.2026, 0.2787], test-ndcg=[0.1215, 0.1414]
2024-05-24 16:17:14,779 - Epoch 93 [6.2s + 0.9s]: train==[10.25909=0.19343 + 0.15079 + 0.00083 + 9.91404], test-recall=[0.2027, 0.2797], test-ndcg=[0.1218, 0.1419]
2024-05-24 16:17:21,833 - Epoch 94 [6.2s + 0.9s]: train==[10.25565=0.19045 + 0.15217 + 0.00083 + 9.91220], test-recall=[0.2032, 0.2799], test-ndcg=[0.1218, 0.1419]
2024-05-24 16:17:29,123 - Epoch 95 [6.4s + 0.9s]: train==[10.25437=0.18802 + 0.15344 + 0.00083 + 9.91207], test-recall=[0.2037, 0.2811], test-ndcg=[0.1220, 0.1422]
2024-05-24 16:17:36,188 - Epoch 96 [6.2s + 0.9s]: train==[10.25280=0.18566 + 0.15481 + 0.00083 + 9.91150], test-recall=[0.2038, 0.2811], test-ndcg=[0.1221, 0.1423]
2024-05-24 16:17:43,356 - Epoch 97 [6.2s + 0.9s]: train==[10.25114=0.18355 + 0.15610 + 0.00083 + 9.91066], test-recall=[0.2040, 0.2811], test-ndcg=[0.1224, 0.1425]
2024-05-24 16:17:50,242 - Epoch 98 [6.0s + 0.9s]: train==[10.24934=0.18106 + 0.15740 + 0.00083 + 9.91004], test-recall=[0.2040, 0.2817], test-ndcg=[0.1222, 0.1426]
2024-05-24 16:17:57,382 - Epoch 99 [6.3s + 0.9s]: train==[10.24880=0.17937 + 0.15855 + 0.00083 + 9.91004], test-recall=[0.2048, 0.2820], test-ndcg=[0.1227, 0.1429]
2024-05-24 16:18:04,474 - Epoch 100 [6.2s + 0.9s]: train==[10.24750=0.17732 + 0.15975 + 0.00083 + 9.90960], test-recall=[0.2041, 0.2822], test-ndcg=[0.1224, 0.1429]
2024-05-24 16:18:11,682 - Epoch 101 [6.3s + 0.9s]: train==[10.24675=0.17577 + 0.16082 + 0.00083 + 9.90933], test-recall=[0.2045, 0.2821], test-ndcg=[0.1226, 0.1430]
2024-05-24 16:18:18,638 - Epoch 102 [6.1s + 0.9s]: train==[10.24330=0.17335 + 0.16198 + 0.00083 + 9.90714], test-recall=[0.2046, 0.2825], test-ndcg=[0.1226, 0.1430]
2024-05-24 16:18:25,880 - Epoch 103 [6.4s + 0.9s]: train==[10.24171=0.17106 + 0.16307 + 0.00083 + 9.90674], test-recall=[0.2054, 0.2826], test-ndcg=[0.1228, 0.1431]
2024-05-24 16:18:33,074 - Epoch 104 [6.3s + 0.9s]: train==[10.24129=0.16945 + 0.16421 + 0.00083 + 9.90680], test-recall=[0.2054, 0.2828], test-ndcg=[0.1229, 0.1432]
2024-05-24 16:18:40,259 - Epoch 105 [6.3s + 0.9s]: train==[10.23811=0.16720 + 0.16518 + 0.00083 + 9.90490], test-recall=[0.2049, 0.2833], test-ndcg=[0.1229, 0.1435]
2024-05-24 16:18:47,461 - Epoch 106 [6.3s + 0.9s]: train==[10.23838=0.16599 + 0.16619 + 0.00083 + 9.90536], test-recall=[0.2057, 0.2835], test-ndcg=[0.1232, 0.1436]
2024-05-24 16:18:54,696 - Epoch 107 [6.3s + 0.9s]: train==[10.23766=0.16471 + 0.16716 + 0.00083 + 9.90497], test-recall=[0.2060, 0.2840], test-ndcg=[0.1234, 0.1439]
2024-05-24 16:19:01,874 - Epoch 108 [6.3s + 0.9s]: train==[10.23626=0.16315 + 0.16813 + 0.00083 + 9.90415], test-recall=[0.2057, 0.2838], test-ndcg=[0.1234, 0.1439]
2024-05-24 16:19:09,095 - Epoch 109 [6.3s + 0.9s]: train==[10.23497=0.16169 + 0.16900 + 0.00083 + 9.90346], test-recall=[0.2060, 0.2845], test-ndcg=[0.1234, 0.1440]
2024-05-24 16:19:16,106 - Epoch 110 [6.1s + 0.9s]: train==[10.23464=0.16020 + 0.16990 + 0.00083 + 9.90371], test-recall=[0.2064, 0.2842], test-ndcg=[0.1236, 0.1440]
2024-05-24 16:19:23,226 - Epoch 111 [6.2s + 0.9s]: train==[10.23446=0.15923 + 0.17076 + 0.00083 + 9.90365], test-recall=[0.2064, 0.2844], test-ndcg=[0.1236, 0.1441]
2024-05-24 16:19:30,343 - Epoch 112 [6.2s + 0.9s]: train==[10.23164=0.15759 + 0.17165 + 0.00083 + 9.90157], test-recall=[0.2068, 0.2854], test-ndcg=[0.1236, 0.1442]
2024-05-24 16:19:37,542 - Epoch 113 [6.3s + 0.9s]: train==[10.23145=0.15620 + 0.17237 + 0.00083 + 9.90206], test-recall=[0.2069, 0.2851], test-ndcg=[0.1238, 0.1443]
2024-05-24 16:19:44,565 - Epoch 114 [6.1s + 0.9s]: train==[10.23037=0.15502 + 0.17319 + 0.00083 + 9.90133], test-recall=[0.2070, 0.2857], test-ndcg=[0.1238, 0.1444]
2024-05-24 16:19:51,814 - Epoch 115 [6.4s + 0.9s]: train==[10.22850=0.15337 + 0.17395 + 0.00083 + 9.90036], test-recall=[0.2069, 0.2862], test-ndcg=[0.1237, 0.1445]
2024-05-24 16:19:58,858 - Epoch 116 [6.1s + 0.9s]: train==[10.22745=0.15239 + 0.17470 + 0.00083 + 9.89953], test-recall=[0.2073, 0.2855], test-ndcg=[0.1239, 0.1444]
2024-05-24 16:20:06,041 - Epoch 117 [6.3s + 0.9s]: train==[10.22868=0.15170 + 0.17558 + 0.00083 + 9.90057], test-recall=[0.2072, 0.2857], test-ndcg=[0.1238, 0.1444]
2024-05-24 16:20:13,247 - Epoch 118 [6.3s + 0.9s]: train==[10.22741=0.15050 + 0.17620 + 0.00083 + 9.89989], test-recall=[0.2076, 0.2868], test-ndcg=[0.1239, 0.1447]
2024-05-24 16:20:20,446 - Epoch 119 [6.3s + 0.9s]: train==[10.22729=0.14942 + 0.17682 + 0.00083 + 9.90022], test-recall=[0.2076, 0.2861], test-ndcg=[0.1239, 0.1445]
2024-05-24 16:20:27,481 - Epoch 120 [6.1s + 0.9s]: train==[10.22634=0.14842 + 0.17751 + 0.00083 + 9.89958], test-recall=[0.2079, 0.2864], test-ndcg=[0.1240, 0.1446]
2024-05-24 16:20:34,480 - Epoch 121 [6.1s + 0.9s]: train==[10.22713=0.14753 + 0.17821 + 0.00083 + 9.90056], test-recall=[0.2075, 0.2868], test-ndcg=[0.1238, 0.1446]
2024-05-24 16:20:41,581 - Epoch 122 [6.2s + 0.9s]: train==[10.22603=0.14649 + 0.17879 + 0.00083 + 9.89993], test-recall=[0.2078, 0.2864], test-ndcg=[0.1241, 0.1446]
2024-05-24 16:20:48,817 - Epoch 123 [6.4s + 0.9s]: train==[10.22428=0.14557 + 0.17932 + 0.00083 + 9.89857], test-recall=[0.2076, 0.2867], test-ndcg=[0.1239, 0.1447]
2024-05-24 16:20:55,779 - Epoch 124 [6.1s + 0.9s]: train==[10.22430=0.14495 + 0.17991 + 0.00083 + 9.89862], test-recall=[0.2072, 0.2869], test-ndcg=[0.1239, 0.1447]
2024-05-24 16:21:03,045 - Epoch 125 [6.4s + 0.9s]: train==[10.22518=0.14475 + 0.18049 + 0.00083 + 9.89911], test-recall=[0.2079, 0.2867], test-ndcg=[0.1240, 0.1447]
2024-05-24 16:21:10,240 - Epoch 126 [6.3s + 0.9s]: train==[10.22493=0.14352 + 0.18105 + 0.00083 + 9.89954], test-recall=[0.2075, 0.2864], test-ndcg=[0.1240, 0.1447]
2024-05-24 16:21:17,421 - Epoch 127 [6.3s + 0.9s]: train==[10.22258=0.14266 + 0.18159 + 0.00083 + 9.89751], test-recall=[0.2084, 0.2872], test-ndcg=[0.1241, 0.1448]
2024-05-24 16:21:24,429 - Epoch 128 [6.1s + 0.9s]: train==[10.22380=0.14215 + 0.18212 + 0.00083 + 9.89871], test-recall=[0.2080, 0.2873], test-ndcg=[0.1240, 0.1448]
2024-05-24 16:21:31,382 - Epoch 129 [6.1s + 0.9s]: train==[10.22295=0.14167 + 0.18251 + 0.00083 + 9.89794], test-recall=[0.2082, 0.2876], test-ndcg=[0.1241, 0.1449]
2024-05-24 16:21:38,427 - Epoch 130 [6.1s + 0.9s]: train==[10.22352=0.14083 + 0.18299 + 0.00083 + 9.89888], test-recall=[0.2081, 0.2871], test-ndcg=[0.1241, 0.1448]
2024-05-24 16:21:45,623 - Epoch 131 [6.3s + 0.9s]: train==[10.22164=0.13969 + 0.18349 + 0.00083 + 9.89764], test-recall=[0.2078, 0.2871], test-ndcg=[0.1241, 0.1448]
2024-05-24 16:21:52,792 - Epoch 132 [6.3s + 0.9s]: train==[10.22151=0.13918 + 0.18392 + 0.00083 + 9.89758], test-recall=[0.2080, 0.2879], test-ndcg=[0.1241, 0.1450]
2024-05-24 16:22:00,022 - Epoch 133 [6.3s + 0.9s]: train==[10.22208=0.13912 + 0.18432 + 0.00083 + 9.89781], test-recall=[0.2077, 0.2880], test-ndcg=[0.1240, 0.1450]
2024-05-24 16:22:07,215 - Epoch 134 [6.3s + 0.9s]: train==[10.22076=0.13805 + 0.18476 + 0.00083 + 9.89712], test-recall=[0.2081, 0.2876], test-ndcg=[0.1241, 0.1449]
2024-05-24 16:22:14,387 - Epoch 135 [6.3s + 0.9s]: train==[10.22083=0.13748 + 0.18513 + 0.00083 + 9.89739], test-recall=[0.2079, 0.2878], test-ndcg=[0.1241, 0.1450]
2024-05-24 16:22:21,615 - Epoch 136 [6.3s + 0.9s]: train==[10.22096=0.13723 + 0.18559 + 0.00083 + 9.89732], test-recall=[0.2080, 0.2879], test-ndcg=[0.1241, 0.1451]
2024-05-24 16:22:28,789 - Epoch 137 [6.3s + 0.9s]: train==[10.21966=0.13617 + 0.18596 + 0.00083 + 9.89670], test-recall=[0.2086, 0.2885], test-ndcg=[0.1244, 0.1452]
2024-05-24 16:22:35,808 - Epoch 138 [6.1s + 0.9s]: train==[10.22052=0.13614 + 0.18630 + 0.00083 + 9.89725], test-recall=[0.2082, 0.2887], test-ndcg=[0.1242, 0.1452]
2024-05-24 16:22:42,928 - Epoch 139 [6.2s + 0.9s]: train==[10.21959=0.13560 + 0.18669 + 0.00083 + 9.89647], test-recall=[0.2078, 0.2885], test-ndcg=[0.1242, 0.1452]
2024-05-24 16:22:49,932 - Epoch 140 [6.1s + 0.9s]: train==[10.21796=0.13508 + 0.18696 + 0.00083 + 9.89510], test-recall=[0.2079, 0.2886], test-ndcg=[0.1243, 0.1454]
2024-05-24 16:22:57,239 - Epoch 141 [6.4s + 0.9s]: train==[10.21814=0.13433 + 0.18730 + 0.00083 + 9.89569], test-recall=[0.2082, 0.2884], test-ndcg=[0.1243, 0.1453]
2024-05-24 16:23:04,615 - Epoch 142 [6.5s + 0.9s]: train==[10.21849=0.13402 + 0.18763 + 0.00083 + 9.89601], test-recall=[0.2073, 0.2880], test-ndcg=[0.1242, 0.1453]
2024-05-24 16:23:11,708 - Epoch 143 [6.2s + 0.9s]: train==[10.21742=0.13381 + 0.18798 + 0.00083 + 9.89481], test-recall=[0.2079, 0.2882], test-ndcg=[0.1243, 0.1453]
2024-05-24 16:23:18,709 - Epoch 144 [6.1s + 0.9s]: train==[10.21865=0.13333 + 0.18827 + 0.00083 + 9.89624], test-recall=[0.2079, 0.2884], test-ndcg=[0.1243, 0.1453]
2024-05-24 16:23:25,978 - Epoch 145 [6.4s + 0.9s]: train==[10.21799=0.13292 + 0.18856 + 0.00083 + 9.89569], test-recall=[0.2079, 0.2883], test-ndcg=[0.1242, 0.1453]
2024-05-24 16:23:32,925 - Epoch 146 [6.1s + 0.9s]: train==[10.21823=0.13245 + 0.18881 + 0.00083 + 9.89615], test-recall=[0.2081, 0.2890], test-ndcg=[0.1243, 0.1455]
2024-05-24 16:23:40,207 - Epoch 147 [6.4s + 0.9s]: train==[10.21753=0.13230 + 0.18912 + 0.00083 + 9.89528], test-recall=[0.2082, 0.2887], test-ndcg=[0.1242, 0.1453]
2024-05-24 16:23:47,393 - Epoch 148 [6.3s + 0.9s]: train==[10.21749=0.13166 + 0.18936 + 0.00083 + 9.89564], test-recall=[0.2077, 0.2889], test-ndcg=[0.1242, 0.1454]
2024-05-24 16:23:54,596 - Epoch 149 [6.3s + 0.9s]: train==[10.21760=0.13165 + 0.18964 + 0.00083 + 9.89549], test-recall=[0.2080, 0.2893], test-ndcg=[0.1242, 0.1454]
2024-05-24 16:23:55,464 - Final Test Set Result: test-recall=[0.2082, 0.2887], test-ndcg=[0.1242, 0.1453]
