2024-05-26 23:21:03,141 - n_users=47939, n_items=41390	n_interactions=2619389	n_train=2357450, n_test=261939, sparsity=0.00119
2024-05-26 23:21:03,142 - Namespace(Ks='[20, 40]', batch_size=10240, cen_reg=1e-05, data_path='data/', dataset='tmall', emb_reg=1e-05, embed_size=32, epoch=200, lr=0.001, n_batch=40, n_intents=64, n_layers=2, sample_num=40, save_model=False, seed=2023, show_step=1, ssl_reg=0.2, temp=0.2, train_num=10000, verbose=1)
2024-05-26 23:21:24,194 - Epoch  0 [9.7s + 1.8s]: train==[8.15957=0.69287 + 0.00081 + 0.00085 + 7.46503], test-recall=[0.0032, 0.0054], test-ndcg=[0.0021, 0.0028]
2024-05-26 23:21:32,452 - Epoch  1 [6.7s + 1.6s]: train==[7.74456=0.69190 + 0.00158 + 0.00084 + 7.05023], test-recall=[0.0190, 0.0309], test-ndcg=[0.0129, 0.0171]
2024-05-26 23:21:40,628 - Epoch  2 [6.7s + 1.5s]: train==[6.37259=0.69011 + 0.00300 + 0.00084 + 5.67863], test-recall=[0.0255, 0.0416], test-ndcg=[0.0176, 0.0232]
2024-05-26 23:21:48,743 - Epoch  3 [6.6s + 1.5s]: train==[6.15616=0.68900 + 0.00371 + 0.00085 + 5.46260], test-recall=[0.0289, 0.0472], test-ndcg=[0.0200, 0.0263]
2024-05-26 23:21:57,103 - Epoch  4 [6.7s + 1.7s]: train==[6.11598=0.68833 + 0.00401 + 0.00085 + 5.42280], test-recall=[0.0324, 0.0522], test-ndcg=[0.0223, 0.0292]
2024-05-26 23:22:05,257 - Epoch  5 [6.7s + 1.5s]: train==[6.09390=0.68774 + 0.00427 + 0.00085 + 5.40104], test-recall=[0.0355, 0.0566], test-ndcg=[0.0244, 0.0317]
2024-05-26 23:22:13,577 - Epoch  6 [6.8s + 1.5s]: train==[6.07939=0.68715 + 0.00453 + 0.00085 + 5.38687], test-recall=[0.0381, 0.0604], test-ndcg=[0.0262, 0.0340]
2024-05-26 23:22:21,777 - Epoch  7 [6.7s + 1.5s]: train==[6.06812=0.68658 + 0.00478 + 0.00085 + 5.37591], test-recall=[0.0402, 0.0638], test-ndcg=[0.0277, 0.0359]
2024-05-26 23:22:30,110 - Epoch  8 [6.7s + 1.6s]: train==[6.05960=0.68601 + 0.00505 + 0.00085 + 5.36770], test-recall=[0.0416, 0.0660], test-ndcg=[0.0289, 0.0374]
2024-05-26 23:22:38,246 - Epoch  9 [6.7s + 1.5s]: train==[6.05178=0.68545 + 0.00532 + 0.00085 + 5.36016], test-recall=[0.0432, 0.0688], test-ndcg=[0.0300, 0.0389]
2024-05-26 23:22:46,522 - Epoch 10 [6.8s + 1.5s]: train==[6.04415=0.68489 + 0.00559 + 0.00085 + 5.35282], test-recall=[0.0443, 0.0714], test-ndcg=[0.0309, 0.0402]
2024-05-26 23:22:54,737 - Epoch 11 [6.7s + 1.5s]: train==[6.03886=0.68434 + 0.00585 + 0.00085 + 5.34782], test-recall=[0.0458, 0.0731], test-ndcg=[0.0318, 0.0412]
2024-05-26 23:23:02,873 - Epoch 12 [6.5s + 1.6s]: train==[6.03489=0.68382 + 0.00612 + 0.00085 + 5.34411], test-recall=[0.0466, 0.0741], test-ndcg=[0.0325, 0.0421]
2024-05-26 23:23:11,275 - Epoch 13 [6.8s + 1.6s]: train==[6.02968=0.68325 + 0.00639 + 0.00085 + 5.33919], test-recall=[0.0477, 0.0755], test-ndcg=[0.0333, 0.0429]
2024-05-26 23:23:19,518 - Epoch 14 [6.8s + 1.5s]: train==[6.02600=0.68269 + 0.00666 + 0.00085 + 5.33580], test-recall=[0.0483, 0.0769], test-ndcg=[0.0338, 0.0437]
2024-05-26 23:23:27,869 - Epoch 15 [6.7s + 1.7s]: train==[6.02312=0.68213 + 0.00693 + 0.00085 + 5.33321], test-recall=[0.0491, 0.0776], test-ndcg=[0.0343, 0.0442]
2024-05-26 23:23:36,078 - Epoch 16 [6.7s + 1.5s]: train==[6.01909=0.68158 + 0.00721 + 0.00085 + 5.32945], test-recall=[0.0499, 0.0787], test-ndcg=[0.0348, 0.0447]
2024-05-26 23:23:44,288 - Epoch 17 [6.7s + 1.5s]: train==[6.01703=0.68104 + 0.00749 + 0.00085 + 5.32766], test-recall=[0.0505, 0.0797], test-ndcg=[0.0352, 0.0453]
2024-05-26 23:23:52,366 - Epoch 18 [6.4s + 1.6s]: train==[6.01363=0.68043 + 0.00778 + 0.00085 + 5.32458], test-recall=[0.0503, 0.0801], test-ndcg=[0.0352, 0.0455]
2024-05-26 23:24:00,585 - Epoch 19 [6.6s + 1.6s]: train==[6.01126=0.67990 + 0.00806 + 0.00085 + 5.32246], test-recall=[0.0509, 0.0806], test-ndcg=[0.0356, 0.0459]
2024-05-26 23:24:08,683 - Epoch 20 [6.6s + 1.5s]: train==[6.00855=0.67923 + 0.00836 + 0.00085 + 5.32011], test-recall=[0.0514, 0.0809], test-ndcg=[0.0359, 0.0462]
2024-05-26 23:24:17,084 - Epoch 21 [6.9s + 1.5s]: train==[6.00727=0.67872 + 0.00866 + 0.00085 + 5.31905], test-recall=[0.0515, 0.0812], test-ndcg=[0.0361, 0.0463]
2024-05-26 23:24:25,283 - Epoch 22 [6.7s + 1.5s]: train==[6.00494=0.67813 + 0.00895 + 0.00085 + 5.31701], test-recall=[0.0518, 0.0812], test-ndcg=[0.0362, 0.0464]
2024-05-26 23:24:33,429 - Epoch 23 [6.5s + 1.6s]: train==[6.00266=0.67749 + 0.00926 + 0.00085 + 5.31506], test-recall=[0.0517, 0.0819], test-ndcg=[0.0363, 0.0467]
2024-05-26 23:24:41,640 - Epoch 24 [6.6s + 1.6s]: train==[6.00060=0.67686 + 0.00956 + 0.00085 + 5.31334], test-recall=[0.0519, 0.0817], test-ndcg=[0.0364, 0.0467]
2024-05-26 23:24:49,880 - Epoch 25 [6.8s + 1.5s]: train==[5.99865=0.67623 + 0.00987 + 0.00085 + 5.31170], test-recall=[0.0518, 0.0817], test-ndcg=[0.0364, 0.0468]
2024-05-26 23:24:58,238 - Epoch 26 [6.7s + 1.6s]: train==[5.99811=0.67562 + 0.01020 + 0.00085 + 5.31145], test-recall=[0.0517, 0.0818], test-ndcg=[0.0364, 0.0467]
2024-05-26 23:25:06,361 - Epoch 27 [6.6s + 1.5s]: train==[5.99580=0.67492 + 0.01052 + 0.00085 + 5.30951], test-recall=[0.0521, 0.0819], test-ndcg=[0.0366, 0.0469]
2024-05-26 23:25:14,657 - Epoch 28 [6.8s + 1.5s]: train==[5.99427=0.67429 + 0.01085 + 0.00085 + 5.30828], test-recall=[0.0520, 0.0821], test-ndcg=[0.0364, 0.0468]
2024-05-26 23:25:22,826 - Epoch 29 [6.5s + 1.6s]: train==[5.99116=0.67352 + 0.01119 + 0.00085 + 5.30560], test-recall=[0.0521, 0.0822], test-ndcg=[0.0364, 0.0468]
2024-05-26 23:25:31,106 - Epoch 30 [6.6s + 1.6s]: train==[5.99023=0.67285 + 0.01153 + 0.00085 + 5.30500], test-recall=[0.0521, 0.0816], test-ndcg=[0.0364, 0.0467]
2024-05-26 23:25:39,301 - Epoch 31 [6.6s + 1.6s]: train==[5.98884=0.67216 + 0.01187 + 0.00085 + 5.30395], test-recall=[0.0519, 0.0819], test-ndcg=[0.0363, 0.0467]
2024-05-26 23:25:48,244 - Epoch 32 [7.3s + 1.7s]: train==[5.98741=0.67149 + 0.01222 + 0.00085 + 5.30285], test-recall=[0.0516, 0.0818], test-ndcg=[0.0363, 0.0467]
2024-05-26 23:25:56,702 - Epoch 33 [7.0s + 1.5s]: train==[5.98560=0.67074 + 0.01258 + 0.00085 + 5.30143], test-recall=[0.0517, 0.0818], test-ndcg=[0.0364, 0.0469]
2024-05-26 23:26:04,834 - Epoch 34 [6.5s + 1.7s]: train==[5.98409=0.66990 + 0.01295 + 0.00085 + 5.30039], test-recall=[0.0518, 0.0815], test-ndcg=[0.0364, 0.0467]
2024-05-26 23:26:13,156 - Epoch 35 [6.7s + 1.6s]: train==[5.98370=0.66919 + 0.01333 + 0.00085 + 5.30033], test-recall=[0.0519, 0.0817], test-ndcg=[0.0364, 0.0466]
2024-05-26 23:26:21,495 - Epoch 36 [6.8s + 1.5s]: train==[5.98142=0.66837 + 0.01372 + 0.00085 + 5.29849], test-recall=[0.0518, 0.0816], test-ndcg=[0.0364, 0.0467]
2024-05-26 23:26:29,802 - Epoch 37 [6.6s + 1.7s]: train==[5.98054=0.66759 + 0.01411 + 0.00085 + 5.29799], test-recall=[0.0519, 0.0816], test-ndcg=[0.0365, 0.0467]
2024-05-26 23:26:38,099 - Epoch 38 [6.8s + 1.5s]: train==[5.97853=0.66674 + 0.01450 + 0.00085 + 5.29644], test-recall=[0.0520, 0.0817], test-ndcg=[0.0366, 0.0468]
2024-05-26 23:26:46,432 - Epoch 39 [6.7s + 1.7s]: train==[5.97750=0.66592 + 0.01491 + 0.00085 + 5.29582], test-recall=[0.0522, 0.0817], test-ndcg=[0.0366, 0.0468]
2024-05-26 23:26:54,707 - Epoch 40 [6.7s + 1.5s]: train==[5.97552=0.66505 + 0.01533 + 0.00085 + 5.29429], test-recall=[0.0520, 0.0817], test-ndcg=[0.0365, 0.0468]
2024-05-26 23:27:03,094 - Epoch 41 [6.9s + 1.5s]: train==[5.97437=0.66418 + 0.01574 + 0.00085 + 5.29360], test-recall=[0.0519, 0.0820], test-ndcg=[0.0365, 0.0469]
2024-05-26 23:27:11,398 - Epoch 42 [6.7s + 1.6s]: train==[5.97316=0.66321 + 0.01619 + 0.00085 + 5.29291], test-recall=[0.0522, 0.0815], test-ndcg=[0.0366, 0.0467]
2024-05-26 23:27:19,525 - Epoch 43 [6.6s + 1.5s]: train==[5.97150=0.66235 + 0.01663 + 0.00085 + 5.29167], test-recall=[0.0520, 0.0817], test-ndcg=[0.0365, 0.0468]
2024-05-26 23:27:27,759 - Epoch 44 [6.6s + 1.6s]: train==[5.96991=0.66142 + 0.01708 + 0.00085 + 5.29057], test-recall=[0.0521, 0.0817], test-ndcg=[0.0366, 0.0469]
2024-05-26 23:27:35,831 - Epoch 45 [6.6s + 1.5s]: train==[5.96919=0.66050 + 0.01753 + 0.00085 + 5.29032], test-recall=[0.0521, 0.0820], test-ndcg=[0.0366, 0.0470]
2024-05-26 23:27:44,117 - Epoch 46 [6.6s + 1.7s]: train==[5.96706=0.65946 + 0.01801 + 0.00085 + 5.28874], test-recall=[0.0521, 0.0820], test-ndcg=[0.0368, 0.0471]
2024-05-26 23:27:52,296 - Epoch 47 [6.7s + 1.5s]: train==[5.96569=0.65847 + 0.01849 + 0.00085 + 5.28788], test-recall=[0.0520, 0.0822], test-ndcg=[0.0365, 0.0470]
2024-05-26 23:28:00,554 - Epoch 48 [6.6s + 1.6s]: train==[5.96438=0.65743 + 0.01898 + 0.00085 + 5.28712], test-recall=[0.0521, 0.0825], test-ndcg=[0.0367, 0.0472]
2024-05-26 23:28:08,832 - Epoch 49 [6.8s + 1.5s]: train==[5.96288=0.65623 + 0.01952 + 0.00085 + 5.28628], test-recall=[0.0525, 0.0828], test-ndcg=[0.0367, 0.0472]
2024-05-26 23:28:17,132 - Epoch 50 [6.6s + 1.7s]: train==[5.96174=0.65528 + 0.02003 + 0.00085 + 5.28558], test-recall=[0.0526, 0.0826], test-ndcg=[0.0368, 0.0472]
2024-05-26 23:28:25,283 - Epoch 51 [6.7s + 1.5s]: train==[5.95998=0.65414 + 0.02056 + 0.00085 + 5.28444], test-recall=[0.0526, 0.0828], test-ndcg=[0.0368, 0.0473]
2024-05-26 23:28:33,593 - Epoch 52 [6.7s + 1.6s]: train==[5.95986=0.65308 + 0.02109 + 0.00085 + 5.28483], test-recall=[0.0525, 0.0831], test-ndcg=[0.0368, 0.0474]
2024-05-26 23:28:41,716 - Epoch 53 [6.6s + 1.5s]: train==[5.95738=0.65179 + 0.02166 + 0.00085 + 5.28307], test-recall=[0.0529, 0.0827], test-ndcg=[0.0370, 0.0473]
2024-05-26 23:28:49,984 - Epoch 54 [6.6s + 1.7s]: train==[5.95624=0.65069 + 0.02222 + 0.00085 + 5.28248], test-recall=[0.0527, 0.0830], test-ndcg=[0.0370, 0.0474]
2024-05-26 23:28:58,196 - Epoch 55 [6.7s + 1.5s]: train==[5.95483=0.64943 + 0.02281 + 0.00085 + 5.28173], test-recall=[0.0529, 0.0831], test-ndcg=[0.0372, 0.0477]
2024-05-26 23:29:06,560 - Epoch 56 [6.7s + 1.7s]: train==[5.95364=0.64821 + 0.02342 + 0.00085 + 5.28116], test-recall=[0.0532, 0.0833], test-ndcg=[0.0373, 0.0477]
2024-05-26 23:29:14,665 - Epoch 57 [6.6s + 1.5s]: train==[5.95219=0.64680 + 0.02404 + 0.00085 + 5.28050], test-recall=[0.0533, 0.0834], test-ndcg=[0.0374, 0.0478]
2024-05-26 23:29:22,954 - Epoch 58 [6.6s + 1.6s]: train==[5.95041=0.64555 + 0.02467 + 0.00085 + 5.27933], test-recall=[0.0535, 0.0841], test-ndcg=[0.0375, 0.0481]
2024-05-26 23:29:31,005 - Epoch 59 [6.6s + 1.5s]: train==[5.94905=0.64419 + 0.02530 + 0.00085 + 5.27871], test-recall=[0.0535, 0.0837], test-ndcg=[0.0376, 0.0481]
2024-05-26 23:29:39,226 - Epoch 60 [6.6s + 1.6s]: train==[5.94754=0.64280 + 0.02600 + 0.00085 + 5.27788], test-recall=[0.0538, 0.0843], test-ndcg=[0.0377, 0.0483]
2024-05-26 23:29:47,409 - Epoch 61 [6.7s + 1.5s]: train==[5.94627=0.64126 + 0.02670 + 0.00085 + 5.27746], test-recall=[0.0537, 0.0845], test-ndcg=[0.0378, 0.0485]
2024-05-26 23:29:55,751 - Epoch 62 [6.7s + 1.6s]: train==[5.94451=0.63996 + 0.02738 + 0.00085 + 5.27632], test-recall=[0.0539, 0.0847], test-ndcg=[0.0378, 0.0485]
2024-05-26 23:30:03,862 - Epoch 63 [6.6s + 1.5s]: train==[5.94232=0.63826 + 0.02811 + 0.00085 + 5.27511], test-recall=[0.0542, 0.0851], test-ndcg=[0.0380, 0.0488]
2024-05-26 23:30:12,101 - Epoch 64 [6.6s + 1.6s]: train==[5.94087=0.63671 + 0.02885 + 0.00085 + 5.27446], test-recall=[0.0543, 0.0852], test-ndcg=[0.0381, 0.0488]
2024-05-26 23:30:20,164 - Epoch 65 [6.6s + 1.5s]: train==[5.93951=0.63509 + 0.02963 + 0.00085 + 5.27394], test-recall=[0.0546, 0.0858], test-ndcg=[0.0383, 0.0491]
2024-05-26 23:30:28,373 - Epoch 66 [6.6s + 1.6s]: train==[5.93835=0.63335 + 0.03043 + 0.00085 + 5.27371], test-recall=[0.0544, 0.0859], test-ndcg=[0.0381, 0.0490]
2024-05-26 23:30:36,562 - Epoch 67 [6.7s + 1.5s]: train==[5.93565=0.63165 + 0.03123 + 0.00085 + 5.27192], test-recall=[0.0546, 0.0861], test-ndcg=[0.0383, 0.0492]
2024-05-26 23:30:44,889 - Epoch 68 [6.7s + 1.6s]: train==[5.93520=0.63005 + 0.03206 + 0.00085 + 5.27223], test-recall=[0.0546, 0.0862], test-ndcg=[0.0384, 0.0494]
2024-05-26 23:30:52,986 - Epoch 69 [6.6s + 1.5s]: train==[5.93276=0.62808 + 0.03291 + 0.00085 + 5.27092], test-recall=[0.0549, 0.0863], test-ndcg=[0.0386, 0.0494]
2024-05-26 23:31:01,322 - Epoch 70 [6.7s + 1.6s]: train==[5.93079=0.62617 + 0.03381 + 0.00085 + 5.26995], test-recall=[0.0548, 0.0863], test-ndcg=[0.0387, 0.0496]
2024-05-26 23:31:09,561 - Epoch 71 [6.8s + 1.5s]: train==[5.92939=0.62439 + 0.03471 + 0.00085 + 5.26944], test-recall=[0.0551, 0.0868], test-ndcg=[0.0388, 0.0498]
2024-05-26 23:31:17,917 - Epoch 72 [6.7s + 1.7s]: train==[5.92751=0.62246 + 0.03564 + 0.00085 + 5.26855], test-recall=[0.0553, 0.0871], test-ndcg=[0.0390, 0.0500]
2024-05-26 23:31:26,059 - Epoch 73 [6.6s + 1.5s]: train==[5.92561=0.62037 + 0.03659 + 0.00085 + 5.26779], test-recall=[0.0557, 0.0873], test-ndcg=[0.0392, 0.0501]
2024-05-26 23:31:34,326 - Epoch 74 [6.6s + 1.6s]: train==[5.92386=0.61831 + 0.03761 + 0.00085 + 5.26709], test-recall=[0.0558, 0.0877], test-ndcg=[0.0394, 0.0504]
2024-05-26 23:31:42,571 - Epoch 75 [6.7s + 1.5s]: train==[5.92178=0.61621 + 0.03861 + 0.00085 + 5.26611], test-recall=[0.0560, 0.0879], test-ndcg=[0.0394, 0.0505]
2024-05-26 23:31:50,910 - Epoch 76 [6.7s + 1.7s]: train==[5.91988=0.61418 + 0.03961 + 0.00085 + 5.26524], test-recall=[0.0561, 0.0883], test-ndcg=[0.0397, 0.0508]
2024-05-26 23:31:59,046 - Epoch 77 [6.6s + 1.5s]: train==[5.91877=0.61198 + 0.04067 + 0.00085 + 5.26527], test-recall=[0.0562, 0.0884], test-ndcg=[0.0398, 0.0510]
2024-05-26 23:32:07,479 - Epoch 78 [6.8s + 1.6s]: train==[5.91673=0.60985 + 0.04173 + 0.00085 + 5.26429], test-recall=[0.0566, 0.0890], test-ndcg=[0.0400, 0.0512]
2024-05-26 23:32:15,558 - Epoch 79 [6.6s + 1.5s]: train==[5.91509=0.60728 + 0.04292 + 0.00085 + 5.26405], test-recall=[0.0570, 0.0892], test-ndcg=[0.0403, 0.0515]
2024-05-26 23:32:23,879 - Epoch 80 [6.7s + 1.6s]: train==[5.91201=0.60480 + 0.04408 + 0.00085 + 5.26228], test-recall=[0.0572, 0.0895], test-ndcg=[0.0405, 0.0516]
2024-05-26 23:32:32,014 - Epoch 81 [6.6s + 1.5s]: train==[5.91062=0.60245 + 0.04525 + 0.00085 + 5.26206], test-recall=[0.0574, 0.0898], test-ndcg=[0.0407, 0.0519]
2024-05-26 23:32:40,342 - Epoch 82 [6.7s + 1.7s]: train==[5.90867=0.60015 + 0.04644 + 0.00085 + 5.26123], test-recall=[0.0575, 0.0900], test-ndcg=[0.0408, 0.0521]
2024-05-26 23:32:48,536 - Epoch 83 [6.7s + 1.5s]: train==[5.90749=0.59758 + 0.04767 + 0.00085 + 5.26139], test-recall=[0.0579, 0.0900], test-ndcg=[0.0411, 0.0523]
2024-05-26 23:32:56,882 - Epoch 84 [6.7s + 1.6s]: train==[5.90505=0.59512 + 0.04893 + 0.00085 + 5.26014], test-recall=[0.0579, 0.0904], test-ndcg=[0.0412, 0.0524]
2024-05-26 23:33:05,017 - Epoch 85 [6.6s + 1.5s]: train==[5.90347=0.59227 + 0.05031 + 0.00085 + 5.26004], test-recall=[0.0586, 0.0908], test-ndcg=[0.0414, 0.0526]
2024-05-26 23:33:13,507 - Epoch 86 [6.8s + 1.7s]: train==[5.90070=0.58959 + 0.05158 + 0.00085 + 5.25869], test-recall=[0.0585, 0.0912], test-ndcg=[0.0415, 0.0529]
2024-05-26 23:33:21,749 - Epoch 87 [6.7s + 1.5s]: train==[5.89858=0.58659 + 0.05304 + 0.00085 + 5.25810], test-recall=[0.0589, 0.0918], test-ndcg=[0.0417, 0.0531]
2024-05-26 23:33:30,084 - Epoch 88 [6.7s + 1.6s]: train==[5.89659=0.58387 + 0.05439 + 0.00085 + 5.25748], test-recall=[0.0591, 0.0919], test-ndcg=[0.0419, 0.0533]
2024-05-26 23:33:38,345 - Epoch 89 [6.8s + 1.5s]: train==[5.89499=0.58119 + 0.05579 + 0.00085 + 5.25715], test-recall=[0.0594, 0.0922], test-ndcg=[0.0421, 0.0535]
2024-05-26 23:33:46,697 - Epoch 90 [6.7s + 1.7s]: train==[5.89243=0.57804 + 0.05728 + 0.00085 + 5.25625], test-recall=[0.0597, 0.0924], test-ndcg=[0.0423, 0.0537]
2024-05-26 23:33:54,829 - Epoch 91 [6.6s + 1.5s]: train==[5.89086=0.57514 + 0.05877 + 0.00085 + 5.25610], test-recall=[0.0601, 0.0929], test-ndcg=[0.0426, 0.0540]
2024-05-26 23:34:03,074 - Epoch 92 [6.6s + 1.7s]: train==[5.88914=0.57231 + 0.06028 + 0.00085 + 5.25569], test-recall=[0.0604, 0.0933], test-ndcg=[0.0427, 0.0542]
2024-05-26 23:34:11,299 - Epoch 93 [6.8s + 1.5s]: train==[5.88711=0.56926 + 0.06184 + 0.00085 + 5.25516], test-recall=[0.0609, 0.0937], test-ndcg=[0.0430, 0.0544]
2024-05-26 23:34:19,668 - Epoch 94 [6.7s + 1.6s]: train==[5.88460=0.56595 + 0.06345 + 0.00085 + 5.25435], test-recall=[0.0610, 0.0940], test-ndcg=[0.0432, 0.0546]
2024-05-26 23:34:27,802 - Epoch 95 [6.7s + 1.5s]: train==[5.88212=0.56272 + 0.06510 + 0.00085 + 5.25346], test-recall=[0.0615, 0.0945], test-ndcg=[0.0435, 0.0549]
2024-05-26 23:34:36,062 - Epoch 96 [6.6s + 1.6s]: train==[5.87986=0.55953 + 0.06670 + 0.00085 + 5.25278], test-recall=[0.0613, 0.0949], test-ndcg=[0.0436, 0.0553]
2024-05-26 23:34:44,310 - Epoch 97 [6.8s + 1.5s]: train==[5.87854=0.55638 + 0.06838 + 0.00085 + 5.25293], test-recall=[0.0618, 0.0953], test-ndcg=[0.0438, 0.0555]
2024-05-26 23:34:52,651 - Epoch 98 [6.7s + 1.7s]: train==[5.87621=0.55309 + 0.07010 + 0.00085 + 5.25216], test-recall=[0.0622, 0.0959], test-ndcg=[0.0442, 0.0559]
2024-05-26 23:35:00,900 - Epoch 99 [6.8s + 1.5s]: train==[5.87461=0.54998 + 0.07180 + 0.00085 + 5.25199], test-recall=[0.0626, 0.0962], test-ndcg=[0.0444, 0.0561]
2024-05-26 23:35:09,164 - Epoch 100 [6.6s + 1.6s]: train==[5.87258=0.54640 + 0.07361 + 0.00085 + 5.25171], test-recall=[0.0628, 0.0966], test-ndcg=[0.0446, 0.0563]
2024-05-26 23:35:17,336 - Epoch 101 [6.7s + 1.5s]: train==[5.86990=0.54273 + 0.07547 + 0.00085 + 5.25085], test-recall=[0.0631, 0.0972], test-ndcg=[0.0448, 0.0567]
2024-05-26 23:35:25,628 - Epoch 102 [6.7s + 1.6s]: train==[5.86790=0.53976 + 0.07718 + 0.00085 + 5.25011], test-recall=[0.0634, 0.0974], test-ndcg=[0.0450, 0.0568]
2024-05-26 23:35:33,752 - Epoch 103 [6.6s + 1.5s]: train==[5.86556=0.53598 + 0.07911 + 0.00085 + 5.24961], test-recall=[0.0639, 0.0980], test-ndcg=[0.0452, 0.0571]
2024-05-26 23:35:42,061 - Epoch 104 [6.7s + 1.7s]: train==[5.86319=0.53246 + 0.08090 + 0.00085 + 5.24897], test-recall=[0.0637, 0.0983], test-ndcg=[0.0453, 0.0573]
2024-05-26 23:35:50,275 - Epoch 105 [6.7s + 1.5s]: train==[5.86159=0.52910 + 0.08284 + 0.00085 + 5.24880], test-recall=[0.0640, 0.0985], test-ndcg=[0.0456, 0.0576]
2024-05-26 23:35:58,586 - Epoch 106 [6.7s + 1.6s]: train==[5.85967=0.52552 + 0.08475 + 0.00085 + 5.24854], test-recall=[0.0647, 0.0991], test-ndcg=[0.0459, 0.0579]
2024-05-26 23:36:06,696 - Epoch 107 [6.6s + 1.5s]: train==[5.85745=0.52202 + 0.08672 + 0.00085 + 5.24786], test-recall=[0.0648, 0.0996], test-ndcg=[0.0460, 0.0581]
2024-05-26 23:36:15,001 - Epoch 108 [6.7s + 1.6s]: train==[5.85533=0.51837 + 0.08863 + 0.00085 + 5.24747], test-recall=[0.0651, 0.0998], test-ndcg=[0.0462, 0.0583]
2024-05-26 23:36:23,039 - Epoch 109 [6.6s + 1.5s]: train==[5.85398=0.51510 + 0.09056 + 0.00085 + 5.24746], test-recall=[0.0653, 0.1004], test-ndcg=[0.0463, 0.0586]
2024-05-26 23:36:31,270 - Epoch 110 [6.6s + 1.6s]: train==[5.85175=0.51118 + 0.09261 + 0.00085 + 5.24710], test-recall=[0.0656, 0.1008], test-ndcg=[0.0466, 0.0588]
2024-05-26 23:36:39,474 - Epoch 111 [6.7s + 1.5s]: train==[5.84938=0.50781 + 0.09452 + 0.00085 + 5.24620], test-recall=[0.0659, 0.1014], test-ndcg=[0.0468, 0.0592]
2024-05-26 23:36:47,855 - Epoch 112 [6.7s + 1.7s]: train==[5.84818=0.50430 + 0.09657 + 0.00085 + 5.24645], test-recall=[0.0663, 0.1019], test-ndcg=[0.0471, 0.0595]
2024-05-26 23:36:55,985 - Epoch 113 [6.6s + 1.5s]: train==[5.84571=0.50039 + 0.09865 + 0.00085 + 5.24582], test-recall=[0.0665, 0.1020], test-ndcg=[0.0473, 0.0596]
2024-05-26 23:37:04,043 - Epoch 114 [6.6s + 1.5s]: train==[5.84390=0.49667 + 0.10075 + 0.00085 + 5.24563], test-recall=[0.0668, 0.1025], test-ndcg=[0.0475, 0.0599]
2024-05-26 23:37:12,245 - Epoch 115 [6.7s + 1.5s]: train==[5.84282=0.49346 + 0.10270 + 0.00085 + 5.24581], test-recall=[0.0673, 0.1031], test-ndcg=[0.0477, 0.0602]
2024-05-26 23:37:20,379 - Epoch 116 [6.6s + 1.5s]: train==[5.84020=0.48966 + 0.10482 + 0.00085 + 5.24487], test-recall=[0.0674, 0.1031], test-ndcg=[0.0479, 0.0604]
2024-05-26 23:37:28,799 - Epoch 117 [6.8s + 1.6s]: train==[5.83922=0.48626 + 0.10684 + 0.00085 + 5.24526], test-recall=[0.0675, 0.1033], test-ndcg=[0.0480, 0.0605]
2024-05-26 23:37:37,043 - Epoch 118 [6.8s + 1.5s]: train==[5.83687=0.48287 + 0.10878 + 0.00085 + 5.24437], test-recall=[0.0679, 0.1039], test-ndcg=[0.0482, 0.0608]
2024-05-26 23:37:45,442 - Epoch 119 [6.9s + 1.5s]: train==[5.83590=0.47967 + 0.11087 + 0.00085 + 5.24450], test-recall=[0.0682, 0.1043], test-ndcg=[0.0484, 0.0610]
2024-05-26 23:37:53,606 - Epoch 120 [6.5s + 1.7s]: train==[5.83521=0.47634 + 0.11294 + 0.00085 + 5.24508], test-recall=[0.0682, 0.1048], test-ndcg=[0.0485, 0.0612]
2024-05-26 23:38:01,867 - Epoch 121 [6.8s + 1.5s]: train==[5.83259=0.47251 + 0.11504 + 0.00085 + 5.24419], test-recall=[0.0685, 0.1052], test-ndcg=[0.0487, 0.0615]
2024-05-26 23:38:10,262 - Epoch 122 [6.9s + 1.5s]: train==[5.82946=0.46853 + 0.11712 + 0.00085 + 5.24296], test-recall=[0.0689, 0.1058], test-ndcg=[0.0489, 0.0618]
2024-05-26 23:38:18,453 - Epoch 123 [6.7s + 1.5s]: train==[5.82933=0.46589 + 0.11910 + 0.00085 + 5.24349], test-recall=[0.0690, 0.1062], test-ndcg=[0.0492, 0.0621]
2024-05-26 23:38:26,600 - Epoch 124 [6.5s + 1.6s]: train==[5.82733=0.46214 + 0.12119 + 0.00085 + 5.24314], test-recall=[0.0696, 0.1065], test-ndcg=[0.0493, 0.0621]
2024-05-26 23:38:34,999 - Epoch 125 [6.8s + 1.6s]: train==[5.82559=0.45865 + 0.12317 + 0.00085 + 5.24292], test-recall=[0.0700, 0.1069], test-ndcg=[0.0495, 0.0624]
2024-05-26 23:38:43,216 - Epoch 126 [6.7s + 1.5s]: train==[5.82406=0.45550 + 0.12522 + 0.00085 + 5.24248], test-recall=[0.0702, 0.1074], test-ndcg=[0.0497, 0.0626]
2024-05-26 23:38:51,563 - Epoch 127 [6.7s + 1.6s]: train==[5.82366=0.45243 + 0.12732 + 0.00085 + 5.24305], test-recall=[0.0702, 0.1075], test-ndcg=[0.0498, 0.0628]
2024-05-26 23:38:59,855 - Epoch 128 [6.8s + 1.5s]: train==[5.82205=0.44921 + 0.12928 + 0.00085 + 5.24270], test-recall=[0.0703, 0.1075], test-ndcg=[0.0499, 0.0628]
2024-05-26 23:39:08,205 - Epoch 129 [6.9s + 1.5s]: train==[5.82115=0.44611 + 0.13127 + 0.00085 + 5.24292], test-recall=[0.0707, 0.1078], test-ndcg=[0.0502, 0.0631]
2024-05-26 23:39:16,359 - Epoch 130 [6.5s + 1.6s]: train==[5.81901=0.44255 + 0.13328 + 0.00085 + 5.24234], test-recall=[0.0707, 0.1086], test-ndcg=[0.0502, 0.0634]
2024-05-26 23:39:24,750 - Epoch 131 [6.8s + 1.6s]: train==[5.81905=0.44018 + 0.13523 + 0.00085 + 5.24278], test-recall=[0.0709, 0.1086], test-ndcg=[0.0504, 0.0635]
2024-05-26 23:39:33,014 - Epoch 132 [6.8s + 1.5s]: train==[5.81727=0.43681 + 0.13713 + 0.00085 + 5.24248], test-recall=[0.0712, 0.1091], test-ndcg=[0.0507, 0.0638]
2024-05-26 23:39:41,442 - Epoch 133 [6.9s + 1.5s]: train==[5.81603=0.43385 + 0.13899 + 0.00085 + 5.24233], test-recall=[0.0715, 0.1092], test-ndcg=[0.0508, 0.0639]
2024-05-26 23:39:49,632 - Epoch 134 [6.7s + 1.5s]: train==[5.81518=0.43106 + 0.14097 + 0.00085 + 5.24229], test-recall=[0.0713, 0.1095], test-ndcg=[0.0508, 0.0641]
2024-05-26 23:39:57,760 - Epoch 135 [6.5s + 1.6s]: train==[5.81389=0.42830 + 0.14277 + 0.00085 + 5.24197], test-recall=[0.0717, 0.1099], test-ndcg=[0.0510, 0.0642]
2024-05-26 23:40:06,176 - Epoch 136 [6.8s + 1.7s]: train==[5.81277=0.42559 + 0.14459 + 0.00085 + 5.24174], test-recall=[0.0717, 0.1101], test-ndcg=[0.0510, 0.0644]
2024-05-26 23:40:14,416 - Epoch 137 [6.8s + 1.5s]: train==[5.81130=0.42248 + 0.14646 + 0.00085 + 5.24150], test-recall=[0.0717, 0.1104], test-ndcg=[0.0511, 0.0646]
2024-05-26 23:40:22,745 - Epoch 138 [6.7s + 1.6s]: train==[5.81069=0.42020 + 0.14822 + 0.00085 + 5.24141], test-recall=[0.0718, 0.1108], test-ndcg=[0.0512, 0.0647]
2024-05-26 23:40:31,005 - Epoch 139 [6.8s + 1.5s]: train==[5.80998=0.41749 + 0.15002 + 0.00085 + 5.24161], test-recall=[0.0720, 0.1111], test-ndcg=[0.0513, 0.0649]
2024-05-26 23:40:39,415 - Epoch 140 [6.9s + 1.5s]: train==[5.80900=0.41476 + 0.15183 + 0.00085 + 5.24157], test-recall=[0.0723, 0.1114], test-ndcg=[0.0516, 0.0652]
2024-05-26 23:40:47,517 - Epoch 141 [6.5s + 1.6s]: train==[5.80785=0.41226 + 0.15353 + 0.00085 + 5.24122], test-recall=[0.0722, 0.1114], test-ndcg=[0.0515, 0.0652]
2024-05-26 23:40:55,970 - Epoch 142 [6.8s + 1.7s]: train==[5.80727=0.40987 + 0.15519 + 0.00085 + 5.24136], test-recall=[0.0725, 0.1116], test-ndcg=[0.0517, 0.0652]
2024-05-26 23:41:04,162 - Epoch 143 [6.7s + 1.5s]: train==[5.80580=0.40719 + 0.15683 + 0.00085 + 5.24092], test-recall=[0.0727, 0.1119], test-ndcg=[0.0518, 0.0655]
2024-05-26 23:41:12,573 - Epoch 144 [6.9s + 1.5s]: train==[5.80645=0.40547 + 0.15847 + 0.00085 + 5.24167], test-recall=[0.0724, 0.1122], test-ndcg=[0.0518, 0.0656]
2024-05-26 23:41:20,780 - Epoch 145 [6.7s + 1.5s]: train==[5.80431=0.40233 + 0.16018 + 0.00085 + 5.24095], test-recall=[0.0729, 0.1121], test-ndcg=[0.0519, 0.0656]
2024-05-26 23:41:28,941 - Epoch 146 [6.5s + 1.6s]: train==[5.80371=0.40033 + 0.16166 + 0.00085 + 5.24086], test-recall=[0.0730, 0.1123], test-ndcg=[0.0520, 0.0657]
2024-05-26 23:41:37,279 - Epoch 147 [6.7s + 1.6s]: train==[5.80230=0.39780 + 0.16324 + 0.00085 + 5.24041], test-recall=[0.0731, 0.1125], test-ndcg=[0.0520, 0.0658]
2024-05-26 23:41:45,364 - Epoch 148 [6.6s + 1.5s]: train==[5.80277=0.39607 + 0.16480 + 0.00085 + 5.24105], test-recall=[0.0734, 0.1124], test-ndcg=[0.0523, 0.0659]
2024-05-26 23:41:53,719 - Epoch 149 [6.7s + 1.6s]: train==[5.80154=0.39358 + 0.16625 + 0.00085 + 5.24086], test-recall=[0.0733, 0.1130], test-ndcg=[0.0523, 0.0661]
2024-05-26 23:42:01,827 - Epoch 150 [6.6s + 1.5s]: train==[5.80130=0.39187 + 0.16772 + 0.00085 + 5.24085], test-recall=[0.0736, 0.1133], test-ndcg=[0.0525, 0.0662]
2024-05-26 23:42:10,153 - Epoch 151 [6.9s + 1.5s]: train==[5.80175=0.39038 + 0.16914 + 0.00085 + 5.24137], test-recall=[0.0736, 0.1133], test-ndcg=[0.0525, 0.0663]
2024-05-26 23:42:18,265 - Epoch 152 [6.5s + 1.6s]: train==[5.80048=0.38817 + 0.17055 + 0.00085 + 5.24090], test-recall=[0.0738, 0.1134], test-ndcg=[0.0525, 0.0663]
2024-05-26 23:42:26,419 - Epoch 153 [6.5s + 1.6s]: train==[5.80064=0.38642 + 0.17193 + 0.00085 + 5.24145], test-recall=[0.0737, 0.1135], test-ndcg=[0.0525, 0.0664]
2024-05-26 23:42:34,542 - Epoch 154 [6.7s + 1.5s]: train==[5.79986=0.38446 + 0.17331 + 0.00085 + 5.24123], test-recall=[0.0738, 0.1135], test-ndcg=[0.0525, 0.0663]
2024-05-26 23:42:42,921 - Epoch 155 [6.9s + 1.5s]: train==[5.79937=0.38264 + 0.17462 + 0.00085 + 5.24126], test-recall=[0.0741, 0.1137], test-ndcg=[0.0527, 0.0665]
2024-05-26 23:42:51,157 - Epoch 156 [6.7s + 1.5s]: train==[5.79915=0.38118 + 0.17591 + 0.00085 + 5.24121], test-recall=[0.0739, 0.1138], test-ndcg=[0.0526, 0.0665]
2024-05-26 23:42:59,194 - Epoch 157 [6.4s + 1.6s]: train==[5.79816=0.37884 + 0.17722 + 0.00085 + 5.24125], test-recall=[0.0740, 0.1140], test-ndcg=[0.0526, 0.0665]
2024-05-26 23:43:07,410 - Epoch 158 [6.6s + 1.6s]: train==[5.79803=0.37741 + 0.17836 + 0.00085 + 5.24140], test-recall=[0.0741, 0.1142], test-ndcg=[0.0527, 0.0667]
2024-05-26 23:43:15,539 - Epoch 159 [6.6s + 1.5s]: train==[5.79797=0.37618 + 0.17953 + 0.00085 + 5.24140], test-recall=[0.0740, 0.1143], test-ndcg=[0.0527, 0.0668]
2024-05-26 23:43:23,884 - Epoch 160 [6.7s + 1.7s]: train==[5.79770=0.37440 + 0.18079 + 0.00085 + 5.24166], test-recall=[0.0743, 0.1144], test-ndcg=[0.0529, 0.0669]
2024-05-26 23:43:32,138 - Epoch 161 [6.8s + 1.5s]: train==[5.79687=0.37282 + 0.18196 + 0.00085 + 5.24124], test-recall=[0.0741, 0.1144], test-ndcg=[0.0528, 0.0668]
2024-05-26 23:43:40,561 - Epoch 162 [6.9s + 1.5s]: train==[5.79646=0.37116 + 0.18312 + 0.00085 + 5.24133], test-recall=[0.0743, 0.1146], test-ndcg=[0.0530, 0.0670]
2024-05-26 23:43:48,702 - Epoch 163 [6.5s + 1.7s]: train==[5.79658=0.36997 + 0.18420 + 0.00085 + 5.24156], test-recall=[0.0742, 0.1144], test-ndcg=[0.0530, 0.0669]
2024-05-26 23:43:57,105 - Epoch 164 [6.7s + 1.7s]: train==[5.79501=0.36841 + 0.18523 + 0.00085 + 5.24052], test-recall=[0.0746, 0.1145], test-ndcg=[0.0532, 0.0671]
2024-05-26 23:44:05,332 - Epoch 165 [6.7s + 1.5s]: train==[5.79550=0.36694 + 0.18625 + 0.00085 + 5.24146], test-recall=[0.0746, 0.1147], test-ndcg=[0.0532, 0.0671]
2024-05-26 23:44:13,754 - Epoch 166 [6.9s + 1.5s]: train==[5.79555=0.36578 + 0.18732 + 0.00085 + 5.24161], test-recall=[0.0750, 0.1148], test-ndcg=[0.0533, 0.0672]
2024-05-26 23:44:21,946 - Epoch 167 [6.7s + 1.5s]: train==[5.79448=0.36424 + 0.18824 + 0.00085 + 5.24115], test-recall=[0.0747, 0.1149], test-ndcg=[0.0532, 0.0672]
2024-05-26 23:44:30,077 - Epoch 168 [6.5s + 1.6s]: train==[5.79504=0.36351 + 0.18924 + 0.00085 + 5.24145], test-recall=[0.0748, 0.1152], test-ndcg=[0.0533, 0.0674]
2024-05-26 23:44:38,466 - Epoch 169 [6.8s + 1.6s]: train==[5.79388=0.36200 + 0.19023 + 0.00085 + 5.24080], test-recall=[0.0748, 0.1153], test-ndcg=[0.0532, 0.0673]
2024-05-26 23:44:46,703 - Epoch 170 [6.8s + 1.5s]: train==[5.79326=0.36056 + 0.19112 + 0.00085 + 5.24073], test-recall=[0.0752, 0.1152], test-ndcg=[0.0534, 0.0673]
2024-05-26 23:44:55,076 - Epoch 171 [6.7s + 1.6s]: train==[5.79344=0.35967 + 0.19206 + 0.00085 + 5.24086], test-recall=[0.0751, 0.1156], test-ndcg=[0.0534, 0.0675]
2024-05-26 23:45:03,311 - Epoch 172 [6.7s + 1.5s]: train==[5.79335=0.35824 + 0.19301 + 0.00085 + 5.24125], test-recall=[0.0752, 0.1154], test-ndcg=[0.0534, 0.0673]
2024-05-26 23:45:11,708 - Epoch 173 [6.9s + 1.5s]: train==[5.79356=0.35750 + 0.19388 + 0.00085 + 5.24134], test-recall=[0.0753, 0.1153], test-ndcg=[0.0535, 0.0674]
2024-05-26 23:45:19,832 - Epoch 174 [6.5s + 1.6s]: train==[5.79222=0.35577 + 0.19470 + 0.00085 + 5.24089], test-recall=[0.0751, 0.1154], test-ndcg=[0.0534, 0.0675]
2024-05-26 23:45:28,076 - Epoch 175 [6.6s + 1.6s]: train==[5.79222=0.35497 + 0.19551 + 0.00085 + 5.24088], test-recall=[0.0751, 0.1156], test-ndcg=[0.0534, 0.0675]
2024-05-26 23:45:36,590 - Epoch 176 [6.8s + 1.7s]: train==[5.79165=0.35388 + 0.19620 + 0.00085 + 5.24072], test-recall=[0.0753, 0.1158], test-ndcg=[0.0534, 0.0675]
2024-05-26 23:45:44,998 - Epoch 177 [6.9s + 1.5s]: train==[5.79222=0.35302 + 0.19718 + 0.00085 + 5.24117], test-recall=[0.0752, 0.1159], test-ndcg=[0.0535, 0.0676]
2024-05-26 23:45:53,300 - Epoch 178 [6.8s + 1.5s]: train==[5.79182=0.35225 + 0.19777 + 0.00085 + 5.24096], test-recall=[0.0753, 0.1159], test-ndcg=[0.0535, 0.0677]
2024-05-26 23:46:01,469 - Epoch 179 [6.5s + 1.7s]: train==[5.79256=0.35166 + 0.19858 + 0.00085 + 5.24147], test-recall=[0.0753, 0.1158], test-ndcg=[0.0536, 0.0677]
2024-05-26 23:46:09,758 - Epoch 180 [6.7s + 1.6s]: train==[5.79135=0.35035 + 0.19926 + 0.00085 + 5.24089], test-recall=[0.0755, 0.1159], test-ndcg=[0.0536, 0.0677]
2024-05-26 23:46:17,922 - Epoch 181 [6.7s + 1.5s]: train==[5.79135=0.34942 + 0.19998 + 0.00085 + 5.24110], test-recall=[0.0753, 0.1160], test-ndcg=[0.0536, 0.0678]
2024-05-26 23:46:26,257 - Epoch 182 [6.7s + 1.6s]: train==[5.79158=0.34917 + 0.20065 + 0.00085 + 5.24091], test-recall=[0.0755, 0.1158], test-ndcg=[0.0536, 0.0677]
2024-05-26 23:46:34,530 - Epoch 183 [6.8s + 1.5s]: train==[5.79176=0.34814 + 0.20131 + 0.00085 + 5.24145], test-recall=[0.0755, 0.1158], test-ndcg=[0.0536, 0.0676]
2024-05-26 23:46:42,918 - Epoch 184 [6.9s + 1.5s]: train==[5.79134=0.34711 + 0.20194 + 0.00085 + 5.24145], test-recall=[0.0755, 0.1159], test-ndcg=[0.0537, 0.0678]
2024-05-26 23:46:51,243 - Epoch 185 [6.7s + 1.7s]: train==[5.79061=0.34647 + 0.20260 + 0.00085 + 5.24070], test-recall=[0.0757, 0.1163], test-ndcg=[0.0538, 0.0679]
2024-05-26 23:46:59,566 - Epoch 186 [6.7s + 1.7s]: train==[5.79056=0.34593 + 0.20309 + 0.00085 + 5.24070], test-recall=[0.0758, 0.1160], test-ndcg=[0.0537, 0.0678]
2024-05-26 23:47:07,707 - Epoch 187 [6.6s + 1.5s]: train==[5.79059=0.34468 + 0.20379 + 0.00085 + 5.24127], test-recall=[0.0757, 0.1161], test-ndcg=[0.0537, 0.0678]
2024-05-26 23:47:16,104 - Epoch 188 [6.9s + 1.5s]: train==[5.79115=0.34430 + 0.20436 + 0.00085 + 5.24164], test-recall=[0.0756, 0.1157], test-ndcg=[0.0536, 0.0676]
2024-05-26 23:47:24,264 - Epoch 189 [6.7s + 1.5s]: train==[5.79028=0.34358 + 0.20495 + 0.00085 + 5.24091], test-recall=[0.0756, 0.1160], test-ndcg=[0.0536, 0.0676]
2024-05-26 23:47:32,412 - Epoch 190 [6.5s + 1.6s]: train==[5.79088=0.34336 + 0.20543 + 0.00085 + 5.24125], test-recall=[0.0755, 0.1162], test-ndcg=[0.0536, 0.0678]
2024-05-26 23:47:40,836 - Epoch 191 [6.8s + 1.7s]: train==[5.79071=0.34264 + 0.20599 + 0.00085 + 5.24123], test-recall=[0.0756, 0.1163], test-ndcg=[0.0536, 0.0678]
2024-05-26 23:47:49,072 - Epoch 192 [6.7s + 1.5s]: train==[5.78979=0.34133 + 0.20656 + 0.00085 + 5.24105], test-recall=[0.0753, 0.1160], test-ndcg=[0.0535, 0.0676]
2024-05-26 23:47:57,405 - Epoch 193 [6.7s + 1.6s]: train==[5.79030=0.34140 + 0.20698 + 0.00085 + 5.24106], test-recall=[0.0755, 0.1160], test-ndcg=[0.0537, 0.0678]
2024-05-26 23:48:05,678 - Epoch 194 [6.8s + 1.5s]: train==[5.78950=0.34048 + 0.20747 + 0.00085 + 5.24069], test-recall=[0.0756, 0.1163], test-ndcg=[0.0537, 0.0678]
2024-05-26 23:48:14,142 - Epoch 195 [7.0s + 1.5s]: train==[5.78957=0.33992 + 0.20802 + 0.00085 + 5.24078], test-recall=[0.0758, 0.1164], test-ndcg=[0.0538, 0.0680]
2024-05-26 23:48:22,681 - Epoch 196 [6.7s + 1.9s]: train==[5.78975=0.33963 + 0.20841 + 0.00085 + 5.24085], test-recall=[0.0755, 0.1164], test-ndcg=[0.0537, 0.0679]
2024-05-26 23:48:30,931 - Epoch 197 [6.6s + 1.6s]: train==[5.78944=0.33884 + 0.20890 + 0.00085 + 5.24085], test-recall=[0.0756, 0.1166], test-ndcg=[0.0536, 0.0679]
2024-05-26 23:48:39,167 - Epoch 198 [6.7s + 1.5s]: train==[5.78901=0.33800 + 0.20938 + 0.00085 + 5.24078], test-recall=[0.0756, 0.1166], test-ndcg=[0.0536, 0.0679]
2024-05-26 23:48:47,560 - Epoch 199 [6.9s + 1.5s]: train==[5.78991=0.33810 + 0.20982 + 0.00085 + 5.24114], test-recall=[0.0756, 0.1164], test-ndcg=[0.0537, 0.0679]
2024-05-26 23:48:49,064 - Final Test Set Result: test-recall=[0.0757, 0.1166], test-ndcg=[0.0537, 0.0679]
